<?xml version="1.0" encoding="UTF-8"?>
<robot generator="Robot 7.2.2 (Python 3.10.12 on linux)" generated="2025-05-14T11:38:06.343514" rpa="false" schemaversion="5">
<suite id="s1" name="Login" source="/home/usera/Pfee_final/robot-tests/login.robot">
<test id="s1-t1" name="Valid Login" line="19">
<kw name="Open Browser To Login Page" owner="common" type="SETUP">
<kw name="New Browser" owner="Browser">
<msg time="2025-05-14T11:38:06.524390" level="INFO">{"browser": "firefox", "headless": false, "chromiumSandbox": false, "devtools": false, "handleSIGHUP": true, "handleSIGINT": true, "handleSIGTERM": true, "slowMo": 0.0, "timeout": 30000.0, "tracesDir": "/home/usera/Pfee_final/robot-tests/browser/traces/temp/c1c1be18-6369-4a4e-b497-f37fc3b118da"}</msg>
<msg time="2025-05-14T11:38:06.531239" level="INFO">Starting Browser process /home/usera/.local/lib/python3.10/site-packages/Browser/wrapper/index.js using at 127.0.0.1:51715</msg>
<msg time="2025-05-14T11:38:08.964369" level="INFO">Successfully created browser with options: {"browser":"firefox","headless":false,"chromiumSandbox":false,"devtools":false,"handleSIGHUP":true,"handleSIGINT":true,"handleSIGTERM":true,"slowMo":0,"timeout":30000,"tracesDir":"/home/usera/Pfee_final/robot-tests/browser/traces/temp/c1c1be18-6369-4a4e-b497-f37fc3b118da"}</msg>
<arg>browser=${BROWSER}</arg>
<arg>headless=${HEADLESS}</arg>
<tag>BrowserControl</tag>
<tag>Setter</tag>
<doc>Create a new playwright Browser with specified options.</doc>
<status status="PASS" start="2025-05-14T11:38:06.523453" elapsed="2.441354"/>
</kw>
<kw name="New Context" owner="Browser">
<msg time="2025-05-14T11:38:08.969259" level="INFO">{
  "acceptDownloads": true,
  "bypassCSP": false,
  "forcedColors": "none",
  "ignoreHTTPSErrors": false,
  "javaScriptEnabled": true,
  "offline": false,
  "reducedMotion": "no-preference",
  "serviceWorkers": "allow",
  "viewport": {
    "height": 1080,
    "width": 1920
  }
}</msg>
<msg time="2025-05-14T11:38:09.442065" level="INFO">Successfully created context. </msg>
<msg time="2025-05-14T11:38:09.442231" level="INFO">{'acceptDownloads': True, 'bypassCSP': False, 'forcedColors': 'none', 'ignoreHTTPSErrors': False, 'javaScriptEnabled': True, 'offline': False, 'reducedMotion': 'no-preference', 'serviceWorkers': 'allow', 'viewport': {'height': 1080, 'width': 1920}}</msg>
<arg>viewport={'width': 1920, 'height': 1080}</arg>
<tag>BrowserControl</tag>
<tag>Setter</tag>
<doc>Create a new BrowserContext with specified options.</doc>
<status status="PASS" start="2025-05-14T11:38:08.965279" elapsed="0.477126"/>
</kw>
<kw name="New Page" owner="Browser">
<msg time="2025-05-14T11:38:17.036949" level="INFO">Successfully initialized new page object and opened url: http://localhost:5173</msg>
<arg>${SITE_URL}</arg>
<tag>BrowserControl</tag>
<tag>Setter</tag>
<doc>Open a new Page.</doc>
<status status="PASS" start="2025-05-14T11:38:09.442815" elapsed="7.594603"/>
</kw>
<kw name="Wait For Elements State" owner="Browser">
<msg time="2025-05-14T11:38:17.113110" level="INFO">Waited for Element with selector img[alt="Logo"] at state visible</msg>
<arg>img[alt="Logo"]</arg>
<arg>visible</arg>
<arg>timeout=${TIMEOUT}</arg>
<tag>PageContent</tag>
<tag>Wait</tag>
<doc>Waits for the element found by ``selector`` to satisfy state option.</doc>
<status status="PASS" start="2025-05-14T11:38:17.038014" elapsed="0.075445"/>
</kw>
<doc>Opens browser and navigates to the login page
Waits for the logo to be visible to ensure page is loaded</doc>
<status status="PASS" start="2025-05-14T11:38:06.522514" elapsed="10.591230"/>
</kw>
<kw name="Login With Credentials" owner="common">
<kw name="Fill Text" owner="Browser">
<msg time="2025-05-14T11:38:17.115837" level="INFO">Fills the text 'onssbenamara3@gmail.com' in the given field.</msg>
<arg>input#email1</arg>
<arg>${email}</arg>
<tag>PageContent</tag>
<tag>Setter</tag>
<doc>Clears and fills the given ``txt`` into the text field found by ``selector``.</doc>
<status status="PASS" start="2025-05-14T11:38:17.114999" elapsed="0.053359"/>
</kw>
<kw name="Fill Text" owner="Browser">
<msg time="2025-05-14T11:38:17.169878" level="INFO">Fills the text 'ons123' in the given field.</msg>
<arg>.p-password input</arg>
<arg>${password}</arg>
<tag>PageContent</tag>
<tag>Setter</tag>
<doc>Clears and fills the given ``txt`` into the text field found by ``selector``.</doc>
<status status="PASS" start="2025-05-14T11:38:17.168854" elapsed="0.038948"/>
</kw>
<kw name="Click" owner="Browser">
<msg time="2025-05-14T11:38:17.209395" level="INFO">Clicks the element '"Sign In"'.</msg>
<arg>"Sign In"</arg>
<tag>PageContent</tag>
<tag>Setter</tag>
<doc>Simulates mouse click on the element found by ``selector``.</doc>
<status status="PASS" start="2025-05-14T11:38:17.208290" elapsed="0.117542"/>
</kw>
<arg>${VALID_EMAIL}</arg>
<arg>${VALID_PASSWORD}</arg>
<doc>Performs login with given credentials</doc>
<status status="PASS" start="2025-05-14T11:38:17.114245" elapsed="0.212102"/>
</kw>
<kw name="Wait For Elements State" owner="Browser">
<msg time="2025-05-14T11:38:18.119845" level="INFO">Waited for Element with selector text="Dashboard" at state visible</msg>
<arg>text="Dashboard"</arg>
<arg>visible</arg>
<arg>timeout=${TIMEOUT}</arg>
<tag>PageContent</tag>
<tag>Wait</tag>
<doc>Waits for the element found by ``selector`` to satisfy state option.</doc>
<status status="PASS" start="2025-05-14T11:38:17.327026" elapsed="0.793170"/>
</kw>
<kw name="Close Browser" owner="Browser" type="TEARDOWN">
<msg time="2025-05-14T11:38:19.772789" level="INFO">Closed browser</msg>
<tag>BrowserControl</tag>
<tag>Setter</tag>
<doc>Closes the current browser.</doc>
<status status="PASS" start="2025-05-14T11:38:18.120922" elapsed="1.652097"/>
</kw>
<doc>Tests successful login with valid credentials</doc>
<tag>critical</tag>
<tag>login</tag>
<tag>smoke</tag>
<status status="PASS" start="2025-05-14T11:38:06.521291" elapsed="13.251941"/>
</test>
<doc>Login Test Suite
A test suite for verifying the login functionality
including manual login, Google login, and form validation.</doc>
<status status="PASS" start="2025-05-14T11:38:06.344868" elapsed="13.436065"/>
</suite>
<statistics>
<total>
<stat pass="1" fail="0" skip="0">All Tests</stat>
</total>
<tag>
<stat pass="1" fail="0" skip="0">critical</stat>
<stat pass="1" fail="0" skip="0">login</stat>
<stat pass="1" fail="0" skip="0">smoke</stat>
</tag>
<suite>
<stat name="Login" id="s1" pass="1" fail="0" skip="0">Login</stat>
</suite>
</statistics>
<errors>
</errors>
</robot>
