<?xml version="1.0" encoding="UTF-8"?>
<robot generator="Robot 7.2.2 (Python 3.10.12 on linux)" generated="2025-05-16T14:00:40.133272" rpa="false" schemaversion="5">
<suite id="s1" name="Time Tracking" source="/home/usera/Pfee_final/robot-tests/tests/time_tracking">
<suite id="s1-s1" name="Time Tracking" source="/home/usera/Pfee_final/robot-tests/tests/time_tracking/time_tracking.robot">
<test id="s1-s1-t1" name="Start And Stop Time Tracking" line="78">
<kw name="Open Employee Time Tracking Page" type="SETUP">
<kw name="New Browser" owner="Browser">
<msg time="2025-05-16T14:00:40.341483" level="INFO">{"browser": "chromium", "headless": true, "chromiumSandbox": false, "devtools": false, "handleSIGHUP": true, "handleSIGINT": true, "handleSIGTERM": true, "slowMo": 0.0, "timeout": 30000.0, "tracesDir": "/home/usera/Pfee_final/browser/traces/temp/4bd3bc2d-1744-48b3-bf26-d6b98e45067b"}</msg>
<msg time="2025-05-16T14:00:40.348917" level="INFO">Starting Browser process /home/usera/.local/lib/python3.10/site-packages/Browser/wrapper/index.js using at 127.0.0.1:33969</msg>
<msg time="2025-05-16T14:00:41.191663" level="INFO">Successfully created browser with options: {"browser":"chromium","headless":true,"chromiumSandbox":false,"devtools":false,"handleSIGHUP":true,"handleSIGINT":true,"handleSIGTERM":true,"slowMo":0,"timeout":30000,"tracesDir":"/home/usera/Pfee_final/browser/traces/temp/4bd3bc2d-1744-48b3-bf26-d6b98e45067b"}</msg>
<arg>browser=${BROWSER}</arg>
<arg>headless=${HEADLESS}</arg>
<tag>BrowserControl</tag>
<tag>Setter</tag>
<doc>Create a new playwright Browser with specified options.</doc>
<status status="PASS" start="2025-05-16T14:00:40.340552" elapsed="0.851405"/>
</kw>
<kw name="New Page" owner="Browser">
<msg time="2025-05-16T14:00:43.434906" level="INFO">Successfully initialized new page object and opened url: http://localhost:5173/EmployeeLogin</msg>
<msg time="2025-05-16T14:00:43.435032" level="INFO">No context was open. New context was automatically opened when this page is created.</msg>
<arg>${SITE_URL}/EmployeeLogin</arg>
<tag>BrowserControl</tag>
<tag>Setter</tag>
<doc>Open a new Page.</doc>
<status status="PASS" start="2025-05-16T14:00:41.192260" elapsed="2.242977"/>
</kw>
<kw name="Fill Text" owner="Browser">
<msg time="2025-05-16T14:00:43.436281" level="INFO">Fills the text 'zeidimohamedtaher13@gmail.com' in the given field.</msg>
<arg>input#email1</arg>
<arg>${EMPLOYEE_EMAIL}</arg>
<tag>PageContent</tag>
<tag>Setter</tag>
<doc>Clears and fills the given ``txt`` into the text field found by ``selector``.</doc>
<status status="PASS" start="2025-05-16T14:00:43.435532" elapsed="0.049110"/>
</kw>
<kw name="Fill Text" owner="Browser">
<msg time="2025-05-16T14:00:43.485757" level="INFO">Fills the text 'mohamed' in the given field.</msg>
<arg>input#password1</arg>
<arg>${EMPLOYEE_PASSWORD}</arg>
<tag>PageContent</tag>
<tag>Setter</tag>
<doc>Clears and fills the given ``txt`` into the text field found by ``selector``.</doc>
<status status="PASS" start="2025-05-16T14:00:43.484974" elapsed="0.015988"/>
</kw>
<kw name="Click" owner="Browser">
<msg time="2025-05-16T14:00:43.502396" level="INFO">Clicks the element 'button:has-text("Sign In")'.</msg>
<arg>button:has-text("Sign In")</arg>
<tag>PageContent</tag>
<tag>Setter</tag>
<doc>Simulates mouse click on the element found by ``selector``.</doc>
<status status="PASS" start="2025-05-16T14:00:43.501457" elapsed="0.065582"/>
</kw>
<kw name="Wait For Elements State" owner="Browser">
<msg time="2025-05-16T14:00:43.870847" level="INFO">Waited for Element with selector xpath=//h1[contains(text(),"Time Tracking")] at state visible</msg>
<arg>xpath=//h1[contains(text(),"Time Tracking")]</arg>
<arg>visible</arg>
<arg>timeout=${TIMEOUT}</arg>
<tag>PageContent</tag>
<tag>Wait</tag>
<doc>Waits for the element found by ``selector`` to satisfy state option.</doc>
<status status="PASS" start="2025-05-16T14:00:43.567497" elapsed="0.303705"/>
</kw>
<doc>Opens browser and navigates to the time tracking page</doc>
<status status="PASS" start="2025-05-16T14:00:40.339603" elapsed="3.531802"/>
</kw>
<kw name="Select Project And Task">
<kw name="Click" owner="Browser">
<msg time="2025-05-16T14:00:43.874091" level="INFO">Clicks the element '[data-test="project-dropdown"]'.</msg>
<arg>[data-test="project-dropdown"]</arg>
<tag>PageContent</tag>
<tag>Setter</tag>
<doc>Simulates mouse click on the element found by ``selector``.</doc>
<status status="PASS" start="2025-05-16T14:00:43.873089" elapsed="0.361862"/>
</kw>
<kw name="Wait For Elements State" owner="Browser">
<msg time="2025-05-16T14:00:54.400791" level="INFO" html="true">&lt;/td&gt;&lt;/tr&gt;&lt;tr&gt;&lt;td colspan="3"&gt;&lt;a href="browser/screenshot/fail-screenshot-1.png" target="_blank"&gt;&lt;img src="browser/screenshot/fail-screenshot-1.png" width="800px"/&gt;&lt;/a&gt;</msg>
<msg time="2025-05-16T14:00:54.401080" level="INFO">See also file:///home/usera/Pfee_final/playwright-log.txt for additional details.</msg>
<msg time="2025-05-16T14:00:54.402186" level="FAIL">TimeoutError: locator.waitFor: Timeout 10000ms exceeded.
Call log:
  - waiting for locator('.p-dropdown-panel') to be visible
</msg>
<arg>.p-dropdown-panel</arg>
<arg>visible</arg>
<arg>timeout=${TIMEOUT}</arg>
<tag>PageContent</tag>
<tag>Wait</tag>
<doc>Waits for the element found by ``selector`` to satisfy state option.</doc>
<status status="FAIL" start="2025-05-16T14:00:44.235258" elapsed="10.169510">TimeoutError: locator.waitFor: Timeout 10000ms exceeded.
Call log:
  - waiting for locator('.p-dropdown-panel') to be visible
</status>
</kw>
<kw name="Click" owner="Browser">
<arg>.p-dropdown-panel .p-select-option-label &gt;&gt; text="${project_name}"</arg>
<tag>PageContent</tag>
<tag>Setter</tag>
<doc>Simulates mouse click on the element found by ``selector``.</doc>
<status status="NOT RUN" start="2025-05-16T14:00:54.405338" elapsed="0.000225"/>
</kw>
<kw name="Click" owner="Browser">
<arg>[data-test="task-dropdown"]</arg>
<tag>PageContent</tag>
<tag>Setter</tag>
<doc>Simulates mouse click on the element found by ``selector``.</doc>
<status status="NOT RUN" start="2025-05-16T14:00:54.405900" elapsed="0.000127"/>
</kw>
<kw name="Wait For Elements State" owner="Browser">
<arg>.p-dropdown-panel</arg>
<arg>visible</arg>
<arg>timeout=${TIMEOUT}</arg>
<tag>PageContent</tag>
<tag>Wait</tag>
<doc>Waits for the element found by ``selector`` to satisfy state option.</doc>
<status status="NOT RUN" start="2025-05-16T14:00:54.406242" elapsed="0.000108"/>
</kw>
<kw name="Click" owner="Browser">
<arg>.p-dropdown-panel .p-select-option-label &gt;&gt; text="${task_name}"</arg>
<tag>PageContent</tag>
<tag>Setter</tag>
<doc>Simulates mouse click on the element found by ``selector``.</doc>
<status status="NOT RUN" start="2025-05-16T14:00:54.406560" elapsed="0.000133"/>
</kw>
<arg>${TEST_PROJECT}</arg>
<arg>${TEST_TASK}</arg>
<doc>Selects a project and task from dropdowns</doc>
<status status="FAIL" start="2025-05-16T14:00:43.871950" elapsed="10.535031">TimeoutError: locator.waitFor: Timeout 10000ms exceeded.
Call log:
  - waiting for locator('.p-dropdown-panel') to be visible
</status>
</kw>
<kw name="Start Time Tracking">
<doc>Starts time tracking with given description</doc>
<status status="NOT RUN" start="2025-05-16T14:00:54.407375" elapsed="0.000114"/>
</kw>
<kw name="Sleep" owner="BuiltIn">
<arg>3s</arg>
<doc>Pauses the test executed for the given time.</doc>
<status status="NOT RUN" start="2025-05-16T14:00:54.407719" elapsed="0.000104"/>
</kw>
<kw name="Stop Time Tracking">
<doc>Stops current time tracking session</doc>
<status status="NOT RUN" start="2025-05-16T14:00:54.408105" elapsed="0.000105"/>
</kw>
<kw name="Verify Time Entry In Table">
<arg>${DESCRIPTION}</arg>
<arg>${TEST_PROJECT}</arg>
<arg>${TEST_TASK}</arg>
<doc>Verifies time entry appears in the table with correct details</doc>
<status status="NOT RUN" start="2025-05-16T14:00:54.408482" elapsed="0.000107"/>
</kw>
<kw name="Close Browser" owner="Browser" type="TEARDOWN">
<msg time="2025-05-16T14:00:54.480355" level="INFO">Closed browser</msg>
<tag>BrowserControl</tag>
<tag>Setter</tag>
<doc>Closes the current browser.</doc>
<status status="PASS" start="2025-05-16T14:00:54.409057" elapsed="0.071605"/>
</kw>
<doc>Tests basic time tracking functionality</doc>
<tag>smoke</tag>
<tag>time_tracking</tag>
<status status="FAIL" start="2025-05-16T14:00:40.338645" elapsed="14.142469">TimeoutError: locator.waitFor: Timeout 10000ms exceeded.
Call log:
  - waiting for locator('.p-dropdown-panel') to be visible
</status>
</test>
<test id="s1-s1-t2" name="Pause And Resume Time Tracking" line="87">
<kw name="Open Employee Time Tracking Page" type="SETUP">
<kw name="New Browser" owner="Browser">
<msg time="2025-05-16T14:00:54.496816" level="INFO">{"browser": "chromium", "headless": true, "chromiumSandbox": false, "devtools": false, "handleSIGHUP": true, "handleSIGINT": true, "handleSIGTERM": true, "slowMo": 0.0, "timeout": 30000.0, "tracesDir": "/home/usera/Pfee_final/browser/traces/temp/6d9e761c-9055-4d14-ba3e-27d9934aa9bc"}</msg>
<msg time="2025-05-16T14:00:54.605162" level="INFO">Successfully created browser with options: {"browser":"chromium","headless":true,"chromiumSandbox":false,"devtools":false,"handleSIGHUP":true,"handleSIGINT":true,"handleSIGTERM":true,"slowMo":0,"timeout":30000,"tracesDir":"/home/usera/Pfee_final/browser/traces/temp/6d9e761c-9055-4d14-ba3e-27d9934aa9bc"}</msg>
<arg>browser=${BROWSER}</arg>
<arg>headless=${HEADLESS}</arg>
<tag>BrowserControl</tag>
<tag>Setter</tag>
<doc>Create a new playwright Browser with specified options.</doc>
<status status="PASS" start="2025-05-16T14:00:54.495786" elapsed="0.109743"/>
</kw>
<kw name="New Page" owner="Browser">
<msg time="2025-05-16T14:00:56.649231" level="INFO">Successfully initialized new page object and opened url: http://localhost:5173/EmployeeLogin</msg>
<msg time="2025-05-16T14:00:56.649393" level="INFO">No context was open. New context was automatically opened when this page is created.</msg>
<arg>${SITE_URL}/EmployeeLogin</arg>
<tag>BrowserControl</tag>
<tag>Setter</tag>
<doc>Open a new Page.</doc>
<status status="PASS" start="2025-05-16T14:00:54.605947" elapsed="2.043674"/>
</kw>
<kw name="Fill Text" owner="Browser">
<msg time="2025-05-16T14:00:56.650931" level="INFO">Fills the text 'zeidimohamedtaher13@gmail.com' in the given field.</msg>
<arg>input#email1</arg>
<arg>${EMPLOYEE_EMAIL}</arg>
<tag>PageContent</tag>
<tag>Setter</tag>
<doc>Clears and fills the given ``txt`` into the text field found by ``selector``.</doc>
<status status="PASS" start="2025-05-16T14:00:56.649960" elapsed="0.042158"/>
</kw>
<kw name="Fill Text" owner="Browser">
<msg time="2025-05-16T14:00:56.693153" level="INFO">Fills the text 'mohamed' in the given field.</msg>
<arg>input#password1</arg>
<arg>${EMPLOYEE_PASSWORD}</arg>
<tag>PageContent</tag>
<tag>Setter</tag>
<doc>Clears and fills the given ``txt`` into the text field found by ``selector``.</doc>
<status status="PASS" start="2025-05-16T14:00:56.692430" elapsed="0.012314"/>
</kw>
<kw name="Click" owner="Browser">
<msg time="2025-05-16T14:00:56.705923" level="INFO">Clicks the element 'button:has-text("Sign In")'.</msg>
<arg>button:has-text("Sign In")</arg>
<tag>PageContent</tag>
<tag>Setter</tag>
<doc>Simulates mouse click on the element found by ``selector``.</doc>
<status status="PASS" start="2025-05-16T14:00:56.705233" elapsed="0.075478"/>
</kw>
<kw name="Wait For Elements State" owner="Browser">
<msg time="2025-05-16T14:00:56.993359" level="INFO">Waited for Element with selector xpath=//h1[contains(text(),"Time Tracking")] at state visible</msg>
<arg>xpath=//h1[contains(text(),"Time Tracking")]</arg>
<arg>visible</arg>
<arg>timeout=${TIMEOUT}</arg>
<tag>PageContent</tag>
<tag>Wait</tag>
<doc>Waits for the element found by ``selector`` to satisfy state option.</doc>
<status status="PASS" start="2025-05-16T14:00:56.781173" elapsed="0.212535"/>
</kw>
<doc>Opens browser and navigates to the time tracking page</doc>
<status status="PASS" start="2025-05-16T14:00:54.495278" elapsed="2.498717"/>
</kw>
<kw name="Select Project And Task">
<kw name="Click" owner="Browser">
<msg time="2025-05-16T14:00:56.996450" level="INFO">Clicks the element '[data-test="project-dropdown"]'.</msg>
<arg>[data-test="project-dropdown"]</arg>
<tag>PageContent</tag>
<tag>Setter</tag>
<doc>Simulates mouse click on the element found by ``selector``.</doc>
<status status="PASS" start="2025-05-16T14:00:56.995530" elapsed="0.342643"/>
</kw>
<kw name="Wait For Elements State" owner="Browser">
<msg time="2025-05-16T14:01:07.463577" level="INFO" html="true">&lt;/td&gt;&lt;/tr&gt;&lt;tr&gt;&lt;td colspan="3"&gt;&lt;a href="browser/screenshot/fail-screenshot-2.png" target="_blank"&gt;&lt;img src="browser/screenshot/fail-screenshot-2.png" width="800px"/&gt;&lt;/a&gt;</msg>
<msg time="2025-05-16T14:01:07.464189" level="INFO">See also file:///home/usera/Pfee_final/playwright-log.txt for additional details.</msg>
<msg time="2025-05-16T14:01:07.464458" level="FAIL">TimeoutError: locator.waitFor: Timeout 10000ms exceeded.
Call log:
  - waiting for locator('.p-dropdown-panel') to be visible
</msg>
<arg>.p-dropdown-panel</arg>
<arg>visible</arg>
<arg>timeout=${TIMEOUT}</arg>
<tag>PageContent</tag>
<tag>Wait</tag>
<doc>Waits for the element found by ``selector`` to satisfy state option.</doc>
<status status="FAIL" start="2025-05-16T14:00:57.338537" elapsed="10.126509">TimeoutError: locator.waitFor: Timeout 10000ms exceeded.
Call log:
  - waiting for locator('.p-dropdown-panel') to be visible
</status>
</kw>
<kw name="Click" owner="Browser">
<arg>.p-dropdown-panel .p-select-option-label &gt;&gt; text="${project_name}"</arg>
<tag>PageContent</tag>
<tag>Setter</tag>
<doc>Simulates mouse click on the element found by ``selector``.</doc>
<status status="NOT RUN" start="2025-05-16T14:01:07.465661" elapsed="0.000149"/>
</kw>
<kw name="Click" owner="Browser">
<arg>[data-test="task-dropdown"]</arg>
<tag>PageContent</tag>
<tag>Setter</tag>
<doc>Simulates mouse click on the element found by ``selector``.</doc>
<status status="NOT RUN" start="2025-05-16T14:01:07.466755" elapsed="0.000162"/>
</kw>
<kw name="Wait For Elements State" owner="Browser">
<arg>.p-dropdown-panel</arg>
<arg>visible</arg>
<arg>timeout=${TIMEOUT}</arg>
<tag>PageContent</tag>
<tag>Wait</tag>
<doc>Waits for the element found by ``selector`` to satisfy state option.</doc>
<status status="NOT RUN" start="2025-05-16T14:01:07.467834" elapsed="0.000866"/>
</kw>
<kw name="Click" owner="Browser">
<arg>.p-dropdown-panel .p-select-option-label &gt;&gt; text="${task_name}"</arg>
<tag>PageContent</tag>
<tag>Setter</tag>
<doc>Simulates mouse click on the element found by ``selector``.</doc>
<status status="NOT RUN" start="2025-05-16T14:01:07.469342" elapsed="0.000400"/>
</kw>
<arg>${TEST_PROJECT}</arg>
<arg>${TEST_TASK}</arg>
<doc>Selects a project and task from dropdowns</doc>
<status status="FAIL" start="2025-05-16T14:00:56.994541" elapsed="10.476065">TimeoutError: locator.waitFor: Timeout 10000ms exceeded.
Call log:
  - waiting for locator('.p-dropdown-panel') to be visible
</status>
</kw>
<kw name="Start Time Tracking">
<arg>Pause test entry</arg>
<doc>Starts time tracking with given description</doc>
<status status="NOT RUN" start="2025-05-16T14:01:07.471270" elapsed="0.000159"/>
</kw>
<kw name="Sleep" owner="BuiltIn">
<arg>2s</arg>
<doc>Pauses the test executed for the given time.</doc>
<status status="NOT RUN" start="2025-05-16T14:01:07.471717" elapsed="0.000100"/>
</kw>
<kw name="Pause Time Tracking">
<doc>Pauses current time tracking session</doc>
<status status="NOT RUN" start="2025-05-16T14:01:07.472498" elapsed="0.000097"/>
</kw>
<kw name="Sleep" owner="BuiltIn">
<arg>1s</arg>
<doc>Pauses the test executed for the given time.</doc>
<status status="NOT RUN" start="2025-05-16T14:01:07.472827" elapsed="0.000097"/>
</kw>
<kw name="Resume Time Tracking">
<doc>Resumes paused time tracking session</doc>
<status status="NOT RUN" start="2025-05-16T14:01:07.473209" elapsed="0.000684"/>
</kw>
<kw name="Sleep" owner="BuiltIn">
<arg>2s</arg>
<doc>Pauses the test executed for the given time.</doc>
<status status="NOT RUN" start="2025-05-16T14:01:07.474169" elapsed="0.000101"/>
</kw>
<kw name="Stop Time Tracking">
<doc>Stops current time tracking session</doc>
<status status="NOT RUN" start="2025-05-16T14:01:07.474590" elapsed="0.000103"/>
</kw>
<kw name="Verify Time Entry In Table">
<arg>Pause test entry</arg>
<arg>${TEST_PROJECT}</arg>
<arg>${TEST_TASK}</arg>
<doc>Verifies time entry appears in the table with correct details</doc>
<status status="NOT RUN" start="2025-05-16T14:01:07.475501" elapsed="0.000099"/>
</kw>
<kw name="Close Browser" owner="Browser" type="TEARDOWN">
<msg time="2025-05-16T14:01:07.528428" level="INFO">Closed browser</msg>
<tag>BrowserControl</tag>
<tag>Setter</tag>
<doc>Closes the current browser.</doc>
<status status="PASS" start="2025-05-16T14:01:07.476078" elapsed="0.052617"/>
</kw>
<doc>Tests pausing and resuming time tracking</doc>
<tag>pause_resume</tag>
<tag>time_tracking</tag>
<status status="FAIL" start="2025-05-16T14:00:54.491598" elapsed="13.037578">TimeoutError: locator.waitFor: Timeout 10000ms exceeded.
Call log:
  - waiting for locator('.p-dropdown-panel') to be visible
</status>
</test>
<test id="s1-s1-t3" name="Delete Time Entry" line="100">
<kw name="Open Employee Time Tracking Page" type="SETUP">
<kw name="New Browser" owner="Browser">
<msg time="2025-05-16T14:01:07.543502" level="INFO">{"browser": "chromium", "headless": true, "chromiumSandbox": false, "devtools": false, "handleSIGHUP": true, "handleSIGINT": true, "handleSIGTERM": true, "slowMo": 0.0, "timeout": 30000.0, "tracesDir": "/home/usera/Pfee_final/browser/traces/temp/2d88a575-b343-418f-9886-e1b4ca6a7a22"}</msg>
<msg time="2025-05-16T14:01:07.635990" level="INFO">Successfully created browser with options: {"browser":"chromium","headless":true,"chromiumSandbox":false,"devtools":false,"handleSIGHUP":true,"handleSIGINT":true,"handleSIGTERM":true,"slowMo":0,"timeout":30000,"tracesDir":"/home/usera/Pfee_final/browser/traces/temp/2d88a575-b343-418f-9886-e1b4ca6a7a22"}</msg>
<arg>browser=${BROWSER}</arg>
<arg>headless=${HEADLESS}</arg>
<tag>BrowserControl</tag>
<tag>Setter</tag>
<doc>Create a new playwright Browser with specified options.</doc>
<status status="PASS" start="2025-05-16T14:01:07.541788" elapsed="0.094563"/>
</kw>
<kw name="New Page" owner="Browser">
<msg time="2025-05-16T14:01:09.583419" level="INFO">Successfully initialized new page object and opened url: http://localhost:5173/EmployeeLogin</msg>
<msg time="2025-05-16T14:01:09.583543" level="INFO">No context was open. New context was automatically opened when this page is created.</msg>
<arg>${SITE_URL}/EmployeeLogin</arg>
<tag>BrowserControl</tag>
<tag>Setter</tag>
<doc>Open a new Page.</doc>
<status status="PASS" start="2025-05-16T14:01:07.636832" elapsed="1.946900"/>
</kw>
<kw name="Fill Text" owner="Browser">
<msg time="2025-05-16T14:01:09.585142" level="INFO">Fills the text 'zeidimohamedtaher13@gmail.com' in the given field.</msg>
<arg>input#email1</arg>
<arg>${EMPLOYEE_EMAIL}</arg>
<tag>PageContent</tag>
<tag>Setter</tag>
<doc>Clears and fills the given ``txt`` into the text field found by ``selector``.</doc>
<status status="PASS" start="2025-05-16T14:01:09.584074" elapsed="0.046103"/>
</kw>
<kw name="Fill Text" owner="Browser">
<msg time="2025-05-16T14:01:09.632345" level="INFO">Fills the text 'mohamed' in the given field.</msg>
<arg>input#password1</arg>
<arg>${EMPLOYEE_PASSWORD}</arg>
<tag>PageContent</tag>
<tag>Setter</tag>
<doc>Clears and fills the given ``txt`` into the text field found by ``selector``.</doc>
<status status="PASS" start="2025-05-16T14:01:09.630753" elapsed="0.019670"/>
</kw>
<kw name="Click" owner="Browser">
<msg time="2025-05-16T14:01:09.652592" level="INFO">Clicks the element 'button:has-text("Sign In")'.</msg>
<arg>button:has-text("Sign In")</arg>
<tag>PageContent</tag>
<tag>Setter</tag>
<doc>Simulates mouse click on the element found by ``selector``.</doc>
<status status="PASS" start="2025-05-16T14:01:09.651095" elapsed="0.077041"/>
</kw>
<kw name="Wait For Elements State" owner="Browser">
<msg time="2025-05-16T14:01:09.951232" level="INFO">Waited for Element with selector xpath=//h1[contains(text(),"Time Tracking")] at state visible</msg>
<arg>xpath=//h1[contains(text(),"Time Tracking")]</arg>
<arg>visible</arg>
<arg>timeout=${TIMEOUT}</arg>
<tag>PageContent</tag>
<tag>Wait</tag>
<doc>Waits for the element found by ``selector`` to satisfy state option.</doc>
<status status="PASS" start="2025-05-16T14:01:09.728480" elapsed="0.223057"/>
</kw>
<doc>Opens browser and navigates to the time tracking page</doc>
<status status="PASS" start="2025-05-16T14:01:07.541184" elapsed="2.410608"/>
</kw>
<kw name="Select Project And Task">
<kw name="Click" owner="Browser">
<msg time="2025-05-16T14:01:09.954088" level="INFO">Clicks the element '[data-test="project-dropdown"]'.</msg>
<arg>[data-test="project-dropdown"]</arg>
<tag>PageContent</tag>
<tag>Setter</tag>
<doc>Simulates mouse click on the element found by ``selector``.</doc>
<status status="PASS" start="2025-05-16T14:01:09.953231" elapsed="0.311523"/>
</kw>
<kw name="Wait For Elements State" owner="Browser">
<msg time="2025-05-16T14:01:20.366036" level="INFO" html="true">&lt;/td&gt;&lt;/tr&gt;&lt;tr&gt;&lt;td colspan="3"&gt;&lt;a href="browser/screenshot/fail-screenshot-3.png" target="_blank"&gt;&lt;img src="browser/screenshot/fail-screenshot-3.png" width="800px"/&gt;&lt;/a&gt;</msg>
<msg time="2025-05-16T14:01:20.366172" level="INFO">See also file:///home/usera/Pfee_final/playwright-log.txt for additional details.</msg>
<msg time="2025-05-16T14:01:20.366334" level="FAIL">TimeoutError: locator.waitFor: Timeout 10000ms exceeded.
Call log:
  - waiting for locator('.p-dropdown-panel') to be visible
</msg>
<arg>.p-dropdown-panel</arg>
<arg>visible</arg>
<arg>timeout=${TIMEOUT}</arg>
<tag>PageContent</tag>
<tag>Wait</tag>
<doc>Waits for the element found by ``selector`` to satisfy state option.</doc>
<status status="FAIL" start="2025-05-16T14:01:10.265177" elapsed="10.101437">TimeoutError: locator.waitFor: Timeout 10000ms exceeded.
Call log:
  - waiting for locator('.p-dropdown-panel') to be visible
</status>
</kw>
<kw name="Click" owner="Browser">
<arg>.p-dropdown-panel .p-select-option-label &gt;&gt; text="${project_name}"</arg>
<tag>PageContent</tag>
<tag>Setter</tag>
<doc>Simulates mouse click on the element found by ``selector``.</doc>
<status status="NOT RUN" start="2025-05-16T14:01:20.366920" elapsed="0.000100"/>
</kw>
<kw name="Click" owner="Browser">
<arg>[data-test="task-dropdown"]</arg>
<tag>PageContent</tag>
<tag>Setter</tag>
<doc>Simulates mouse click on the element found by ``selector``.</doc>
<status status="NOT RUN" start="2025-05-16T14:01:20.367168" elapsed="0.000073"/>
</kw>
<kw name="Wait For Elements State" owner="Browser">
<arg>.p-dropdown-panel</arg>
<arg>visible</arg>
<arg>timeout=${TIMEOUT}</arg>
<tag>PageContent</tag>
<tag>Wait</tag>
<doc>Waits for the element found by ``selector`` to satisfy state option.</doc>
<status status="NOT RUN" start="2025-05-16T14:01:20.367386" elapsed="0.000081"/>
</kw>
<kw name="Click" owner="Browser">
<arg>.p-dropdown-panel .p-select-option-label &gt;&gt; text="${task_name}"</arg>
<tag>PageContent</tag>
<tag>Setter</tag>
<doc>Simulates mouse click on the element found by ``selector``.</doc>
<status status="NOT RUN" start="2025-05-16T14:01:20.367613" elapsed="0.000071"/>
</kw>
<arg>${TEST_PROJECT}</arg>
<arg>${TEST_TASK}</arg>
<doc>Selects a project and task from dropdowns</doc>
<status status="FAIL" start="2025-05-16T14:01:09.952316" elapsed="10.415516">TimeoutError: locator.waitFor: Timeout 10000ms exceeded.
Call log:
  - waiting for locator('.p-dropdown-panel') to be visible
</status>
</kw>
<kw name="Start Time Tracking">
<arg>Entry to delete</arg>
<doc>Starts time tracking with given description</doc>
<status status="NOT RUN" start="2025-05-16T14:01:20.368147" elapsed="0.000079"/>
</kw>
<kw name="Sleep" owner="BuiltIn">
<arg>2s</arg>
<doc>Pauses the test executed for the given time.</doc>
<status status="NOT RUN" start="2025-05-16T14:01:20.368400" elapsed="0.000072"/>
</kw>
<kw name="Stop Time Tracking">
<doc>Stops current time tracking session</doc>
<status status="NOT RUN" start="2025-05-16T14:01:20.368665" elapsed="0.000073"/>
</kw>
<kw name="Delete Time Entry">
<arg>Entry to delete</arg>
<doc>Deletes a time entry with confirmation</doc>
<status status="NOT RUN" start="2025-05-16T14:01:20.368969" elapsed="0.000074"/>
</kw>
<kw name="Close Browser" owner="Browser" type="TEARDOWN">
<msg time="2025-05-16T14:01:20.419846" level="INFO">Closed browser</msg>
<tag>BrowserControl</tag>
<tag>Setter</tag>
<doc>Closes the current browser.</doc>
<status status="PASS" start="2025-05-16T14:01:20.369494" elapsed="0.050684"/>
</kw>
<doc>Tests deleting a time entry</doc>
<tag>delete</tag>
<tag>time_tracking</tag>
<status status="FAIL" start="2025-05-16T14:01:07.537676" elapsed="12.882797">TimeoutError: locator.waitFor: Timeout 10000ms exceeded.
Call log:
  - waiting for locator('.p-dropdown-panel') to be visible
</status>
</test>
<test id="s1-s1-t4" name="Invalid Delete Password" line="109">
<kw name="Open Employee Time Tracking Page" type="SETUP">
<kw name="New Browser" owner="Browser">
<msg time="2025-05-16T14:01:20.436720" level="INFO">{"browser": "chromium", "headless": true, "chromiumSandbox": false, "devtools": false, "handleSIGHUP": true, "handleSIGINT": true, "handleSIGTERM": true, "slowMo": 0.0, "timeout": 30000.0, "tracesDir": "/home/usera/Pfee_final/browser/traces/temp/c2b2f091-7bd2-48f0-8ff8-015835395212"}</msg>
<msg time="2025-05-16T14:01:20.532399" level="INFO">Successfully created browser with options: {"browser":"chromium","headless":true,"chromiumSandbox":false,"devtools":false,"handleSIGHUP":true,"handleSIGINT":true,"handleSIGTERM":true,"slowMo":0,"timeout":30000,"tracesDir":"/home/usera/Pfee_final/browser/traces/temp/c2b2f091-7bd2-48f0-8ff8-015835395212"}</msg>
<arg>browser=${BROWSER}</arg>
<arg>headless=${HEADLESS}</arg>
<tag>BrowserControl</tag>
<tag>Setter</tag>
<doc>Create a new playwright Browser with specified options.</doc>
<status status="PASS" start="2025-05-16T14:01:20.435006" elapsed="0.097767"/>
</kw>
<kw name="New Page" owner="Browser">
<msg time="2025-05-16T14:01:22.541495" level="INFO">Successfully initialized new page object and opened url: http://localhost:5173/EmployeeLogin</msg>
<msg time="2025-05-16T14:01:22.541706" level="INFO">No context was open. New context was automatically opened when this page is created.</msg>
<arg>${SITE_URL}/EmployeeLogin</arg>
<tag>BrowserControl</tag>
<tag>Setter</tag>
<doc>Open a new Page.</doc>
<status status="PASS" start="2025-05-16T14:01:20.533211" elapsed="2.008873"/>
</kw>
<kw name="Fill Text" owner="Browser">
<msg time="2025-05-16T14:01:22.544833" level="INFO">Fills the text 'zeidimohamedtaher13@gmail.com' in the given field.</msg>
<arg>input#email1</arg>
<arg>${EMPLOYEE_EMAIL}</arg>
<tag>PageContent</tag>
<tag>Setter</tag>
<doc>Clears and fills the given ``txt`` into the text field found by ``selector``.</doc>
<status status="PASS" start="2025-05-16T14:01:22.542718" elapsed="0.066241"/>
</kw>
<kw name="Fill Text" owner="Browser">
<msg time="2025-05-16T14:01:22.610433" level="INFO">Fills the text 'mohamed' in the given field.</msg>
<arg>input#password1</arg>
<arg>${EMPLOYEE_PASSWORD}</arg>
<tag>PageContent</tag>
<tag>Setter</tag>
<doc>Clears and fills the given ``txt`` into the text field found by ``selector``.</doc>
<status status="PASS" start="2025-05-16T14:01:22.609386" elapsed="0.019712"/>
</kw>
<kw name="Click" owner="Browser">
<msg time="2025-05-16T14:01:22.630844" level="INFO">Clicks the element 'button:has-text("Sign In")'.</msg>
<arg>button:has-text("Sign In")</arg>
<tag>PageContent</tag>
<tag>Setter</tag>
<doc>Simulates mouse click on the element found by ``selector``.</doc>
<status status="PASS" start="2025-05-16T14:01:22.629569" elapsed="0.073904"/>
</kw>
<kw name="Wait For Elements State" owner="Browser">
<msg time="2025-05-16T14:01:22.941316" level="INFO">Waited for Element with selector xpath=//h1[contains(text(),"Time Tracking")] at state visible</msg>
<arg>xpath=//h1[contains(text(),"Time Tracking")]</arg>
<arg>visible</arg>
<arg>timeout=${TIMEOUT}</arg>
<tag>PageContent</tag>
<tag>Wait</tag>
<doc>Waits for the element found by ``selector`` to satisfy state option.</doc>
<status status="PASS" start="2025-05-16T14:01:22.703783" elapsed="0.237756"/>
</kw>
<doc>Opens browser and navigates to the time tracking page</doc>
<status status="PASS" start="2025-05-16T14:01:20.434253" elapsed="2.507466"/>
</kw>
<kw name="Select Project And Task">
<kw name="Click" owner="Browser">
<msg time="2025-05-16T14:01:22.943263" level="INFO">Clicks the element '[data-test="project-dropdown"]'.</msg>
<arg>[data-test="project-dropdown"]</arg>
<tag>PageContent</tag>
<tag>Setter</tag>
<doc>Simulates mouse click on the element found by ``selector``.</doc>
<status status="PASS" start="2025-05-16T14:01:22.942689" elapsed="0.337353"/>
</kw>
<kw name="Wait For Elements State" owner="Browser">
<msg time="2025-05-16T14:01:33.412666" level="INFO" html="true">&lt;/td&gt;&lt;/tr&gt;&lt;tr&gt;&lt;td colspan="3"&gt;&lt;a href="browser/screenshot/fail-screenshot-4.png" target="_blank"&gt;&lt;img src="browser/screenshot/fail-screenshot-4.png" width="800px"/&gt;&lt;/a&gt;</msg>
<msg time="2025-05-16T14:01:33.413032" level="INFO">See also file:///home/usera/Pfee_final/playwright-log.txt for additional details.</msg>
<msg time="2025-05-16T14:01:33.413349" level="FAIL">TimeoutError: locator.waitFor: Timeout 10000ms exceeded.
Call log:
  - waiting for locator('.p-dropdown-panel') to be visible
</msg>
<arg>.p-dropdown-panel</arg>
<arg>visible</arg>
<arg>timeout=${TIMEOUT}</arg>
<tag>PageContent</tag>
<tag>Wait</tag>
<doc>Waits for the element found by ``selector`` to satisfy state option.</doc>
<status status="FAIL" start="2025-05-16T14:01:23.280404" elapsed="10.133561">TimeoutError: locator.waitFor: Timeout 10000ms exceeded.
Call log:
  - waiting for locator('.p-dropdown-panel') to be visible
</status>
</kw>
<kw name="Click" owner="Browser">
<arg>.p-dropdown-panel .p-select-option-label &gt;&gt; text="${project_name}"</arg>
<tag>PageContent</tag>
<tag>Setter</tag>
<doc>Simulates mouse click on the element found by ``selector``.</doc>
<status status="NOT RUN" start="2025-05-16T14:01:33.414514" elapsed="0.000256"/>
</kw>
<kw name="Click" owner="Browser">
<arg>[data-test="task-dropdown"]</arg>
<tag>PageContent</tag>
<tag>Setter</tag>
<doc>Simulates mouse click on the element found by ``selector``.</doc>
<status status="NOT RUN" start="2025-05-16T14:01:33.415041" elapsed="0.000180"/>
</kw>
<kw name="Wait For Elements State" owner="Browser">
<arg>.p-dropdown-panel</arg>
<arg>visible</arg>
<arg>timeout=${TIMEOUT}</arg>
<tag>PageContent</tag>
<tag>Wait</tag>
<doc>Waits for the element found by ``selector`` to satisfy state option.</doc>
<status status="NOT RUN" start="2025-05-16T14:01:33.415568" elapsed="0.000116"/>
</kw>
<kw name="Click" owner="Browser">
<arg>.p-dropdown-panel .p-select-option-label &gt;&gt; text="${task_name}"</arg>
<tag>PageContent</tag>
<tag>Setter</tag>
<doc>Simulates mouse click on the element found by ``selector``.</doc>
<status status="NOT RUN" start="2025-05-16T14:01:33.416047" elapsed="0.000175"/>
</kw>
<arg>${TEST_PROJECT}</arg>
<arg>${TEST_TASK}</arg>
<doc>Selects a project and task from dropdowns</doc>
<status status="FAIL" start="2025-05-16T14:01:22.942096" elapsed="10.474459">TimeoutError: locator.waitFor: Timeout 10000ms exceeded.
Call log:
  - waiting for locator('.p-dropdown-panel') to be visible
</status>
</kw>
<kw name="Start Time Tracking">
<arg>Invalid delete test</arg>
<doc>Starts time tracking with given description</doc>
<status status="NOT RUN" start="2025-05-16T14:01:33.417164" elapsed="0.000185"/>
</kw>
<kw name="Sleep" owner="BuiltIn">
<arg>2s</arg>
<doc>Pauses the test executed for the given time.</doc>
<status status="NOT RUN" start="2025-05-16T14:01:33.417687" elapsed="0.000190"/>
</kw>
<kw name="Stop Time Tracking">
<doc>Stops current time tracking session</doc>
<status status="NOT RUN" start="2025-05-16T14:01:33.418331" elapsed="0.000198"/>
</kw>
<kw name="Click" owner="Browser">
<arg>xpath=//td[contains(text(),'Invalid delete test')]/..//button[contains(@class,'p-button-danger')]</arg>
<tag>PageContent</tag>
<tag>Setter</tag>
<doc>Simulates mouse click on the element found by ``selector``.</doc>
<status status="NOT RUN" start="2025-05-16T14:01:33.418778" elapsed="0.000146"/>
</kw>
<kw name="Wait For Elements State" owner="Browser">
<arg>[data-test="password-confirm-input"]</arg>
<arg>visible</arg>
<tag>PageContent</tag>
<tag>Wait</tag>
<doc>Waits for the element found by ``selector`` to satisfy state option.</doc>
<status status="NOT RUN" start="2025-05-16T14:01:33.419480" elapsed="0.000138"/>
</kw>
<kw name="Fill Text" owner="Browser">
<arg>[data-test="password-confirm-input"]</arg>
<arg>${INVALID_PASSWORD}</arg>
<tag>PageContent</tag>
<tag>Setter</tag>
<doc>Clears and fills the given ``txt`` into the text field found by ``selector``.</doc>
<status status="NOT RUN" start="2025-05-16T14:01:33.420154" elapsed="0.000213"/>
</kw>
<kw name="Click" owner="Browser">
<arg>[data-test="confirm-delete-button"]</arg>
<tag>PageContent</tag>
<tag>Setter</tag>
<doc>Simulates mouse click on the element found by ``selector``.</doc>
<status status="NOT RUN" start="2025-05-16T14:01:33.420912" elapsed="0.000177"/>
</kw>
<kw name="Wait For Elements State" owner="Browser">
<arg>.p-toast-message-error</arg>
<arg>visible</arg>
<tag>PageContent</tag>
<tag>Wait</tag>
<doc>Waits for the element found by ``selector`` to satisfy state option.</doc>
<status status="NOT RUN" start="2025-05-16T14:01:33.421724" elapsed="0.000207"/>
</kw>
<kw name="Close Browser" owner="Browser" type="TEARDOWN">
<msg time="2025-05-16T14:01:33.476092" level="INFO">Closed browser</msg>
<tag>BrowserControl</tag>
<tag>Setter</tag>
<doc>Closes the current browser.</doc>
<status status="PASS" start="2025-05-16T14:01:33.422923" elapsed="0.053507"/>
</kw>
<doc>Tests delete validation with invalid password</doc>
<tag>delete</tag>
<tag>negative</tag>
<tag>time_tracking</tag>
<status status="FAIL" start="2025-05-16T14:01:20.429095" elapsed="13.047599">TimeoutError: locator.waitFor: Timeout 10000ms exceeded.
Call log:
  - waiting for locator('.p-dropdown-panel') to be visible
</status>
</test>
<test id="s1-s1-t5" name="Change Time Period Filter" line="122">
<kw name="Open Employee Time Tracking Page" type="SETUP">
<kw name="New Browser" owner="Browser">
<msg time="2025-05-16T14:01:33.491506" level="INFO">{"browser": "chromium", "headless": true, "chromiumSandbox": false, "devtools": false, "handleSIGHUP": true, "handleSIGINT": true, "handleSIGTERM": true, "slowMo": 0.0, "timeout": 30000.0, "tracesDir": "/home/usera/Pfee_final/browser/traces/temp/12baa2e8-3a1c-46c6-8101-33984b0b2088"}</msg>
<msg time="2025-05-16T14:01:33.583043" level="INFO">Successfully created browser with options: {"browser":"chromium","headless":true,"chromiumSandbox":false,"devtools":false,"handleSIGHUP":true,"handleSIGINT":true,"handleSIGTERM":true,"slowMo":0,"timeout":30000,"tracesDir":"/home/usera/Pfee_final/browser/traces/temp/12baa2e8-3a1c-46c6-8101-33984b0b2088"}</msg>
<arg>browser=${BROWSER}</arg>
<arg>headless=${HEADLESS}</arg>
<tag>BrowserControl</tag>
<tag>Setter</tag>
<doc>Create a new playwright Browser with specified options.</doc>
<status status="PASS" start="2025-05-16T14:01:33.490147" elapsed="0.093202"/>
</kw>
<kw name="New Page" owner="Browser">
<msg time="2025-05-16T14:01:35.485835" level="INFO">Successfully initialized new page object and opened url: http://localhost:5173/EmployeeLogin</msg>
<msg time="2025-05-16T14:01:35.486056" level="INFO">No context was open. New context was automatically opened when this page is created.</msg>
<arg>${SITE_URL}/EmployeeLogin</arg>
<tag>BrowserControl</tag>
<tag>Setter</tag>
<doc>Open a new Page.</doc>
<status status="PASS" start="2025-05-16T14:01:33.583700" elapsed="1.902805"/>
</kw>
<kw name="Fill Text" owner="Browser">
<msg time="2025-05-16T14:01:35.489149" level="INFO">Fills the text 'zeidimohamedtaher13@gmail.com' in the given field.</msg>
<arg>input#email1</arg>
<arg>${EMPLOYEE_EMAIL}</arg>
<tag>PageContent</tag>
<tag>Setter</tag>
<doc>Clears and fills the given ``txt`` into the text field found by ``selector``.</doc>
<status status="PASS" start="2025-05-16T14:01:35.487129" elapsed="0.038379"/>
</kw>
<kw name="Fill Text" owner="Browser">
<msg time="2025-05-16T14:01:35.527084" level="INFO">Fills the text 'mohamed' in the given field.</msg>
<arg>input#password1</arg>
<arg>${EMPLOYEE_PASSWORD}</arg>
<tag>PageContent</tag>
<tag>Setter</tag>
<doc>Clears and fills the given ``txt`` into the text field found by ``selector``.</doc>
<status status="PASS" start="2025-05-16T14:01:35.525934" elapsed="0.014963"/>
</kw>
<kw name="Click" owner="Browser">
<msg time="2025-05-16T14:01:35.542694" level="INFO">Clicks the element 'button:has-text("Sign In")'.</msg>
<arg>button:has-text("Sign In")</arg>
<tag>PageContent</tag>
<tag>Setter</tag>
<doc>Simulates mouse click on the element found by ``selector``.</doc>
<status status="PASS" start="2025-05-16T14:01:35.541446" elapsed="0.076909"/>
</kw>
<kw name="Wait For Elements State" owner="Browser">
<msg time="2025-05-16T14:01:35.852900" level="INFO">Waited for Element with selector xpath=//h1[contains(text(),"Time Tracking")] at state visible</msg>
<arg>xpath=//h1[contains(text(),"Time Tracking")]</arg>
<arg>visible</arg>
<arg>timeout=${TIMEOUT}</arg>
<tag>PageContent</tag>
<tag>Wait</tag>
<doc>Waits for the element found by ``selector`` to satisfy state option.</doc>
<status status="PASS" start="2025-05-16T14:01:35.618765" elapsed="0.234371"/>
</kw>
<doc>Opens browser and navigates to the time tracking page</doc>
<status status="PASS" start="2025-05-16T14:01:33.489424" elapsed="2.363892"/>
</kw>
<kw name="Click" owner="Browser">
<msg time="2025-05-16T14:01:35.854338" level="INFO">Clicks the element '.filter-dropdown'.</msg>
<arg>.filter-dropdown</arg>
<tag>PageContent</tag>
<tag>Setter</tag>
<doc>Simulates mouse click on the element found by ``selector``.</doc>
<status status="PASS" start="2025-05-16T14:01:35.853682" elapsed="0.318444"/>
</kw>
<kw name="Click" owner="Browser">
<msg time="2025-05-16T14:01:36.173193" level="INFO">Clicks the element ':text("Day")'.</msg>
<arg>:text("Day")</arg>
<tag>PageContent</tag>
<tag>Setter</tag>
<doc>Simulates mouse click on the element found by ``selector``.</doc>
<status status="PASS" start="2025-05-16T14:01:36.172526" elapsed="0.229117"/>
</kw>
<kw name="Get Text" owner="Browser">
<msg time="2025-05-16T14:01:36.468815" level="INFO">Text: 'May 16, 2025'</msg>
<arg>.period-range</arg>
<arg>matches</arg>
<arg>\\w+ \\d{2}, \\d{4}</arg>
<tag>Assertion</tag>
<tag>Getter</tag>
<tag>PageContent</tag>
<doc>Returns text attribute of the element found by ``selector``.</doc>
<status status="PASS" start="2025-05-16T14:01:36.402177" elapsed="0.066901"/>
</kw>
<kw name="Click" owner="Browser">
<msg time="2025-05-16T14:01:36.470450" level="INFO">Clicks the element '.filter-dropdown'.</msg>
<arg>.filter-dropdown</arg>
<tag>PageContent</tag>
<tag>Setter</tag>
<doc>Simulates mouse click on the element found by ``selector``.</doc>
<status status="PASS" start="2025-05-16T14:01:36.469560" elapsed="0.061410"/>
</kw>
<kw name="Click" owner="Browser">
<msg time="2025-05-16T14:01:36.532567" level="INFO">Clicks the element ':text("Week")'.</msg>
<arg>:text("Week")</arg>
<tag>PageContent</tag>
<tag>Setter</tag>
<doc>Simulates mouse click on the element found by ``selector``.</doc>
<status status="PASS" start="2025-05-16T14:01:36.531543" elapsed="0.259507"/>
</kw>
<kw name="Get Text" owner="Browser">
<msg time="2025-05-16T14:01:36.818362" level="INFO">Text: 'May 12 - May 18, 2025'</msg>
<arg>.period-range</arg>
<arg>matches</arg>
<arg>\\w+ \\d{2} - \\w+ \\d{2}, \\d{4}</arg>
<tag>Assertion</tag>
<tag>Getter</tag>
<tag>PageContent</tag>
<doc>Returns text attribute of the element found by ``selector``.</doc>
<status status="PASS" start="2025-05-16T14:01:36.791495" elapsed="0.027042"/>
</kw>
<kw name="Close Browser" owner="Browser" type="TEARDOWN">
<msg time="2025-05-16T14:01:36.899038" level="INFO">Closed browser</msg>
<tag>BrowserControl</tag>
<tag>Setter</tag>
<doc>Closes the current browser.</doc>
<status status="PASS" start="2025-05-16T14:01:36.819180" elapsed="0.080183"/>
</kw>
<doc>Tests time period filter functionality</doc>
<tag>filter</tag>
<tag>time_tracking</tag>
<status status="PASS" start="2025-05-16T14:01:33.485929" elapsed="3.413713"/>
</test>
<test id="s1-s1-t6" name="Verify Weekly Summary" line="132">
<kw name="Open Employee Time Tracking Page" type="SETUP">
<kw name="New Browser" owner="Browser">
<msg time="2025-05-16T14:01:36.919346" level="INFO">{"browser": "chromium", "headless": true, "chromiumSandbox": false, "devtools": false, "handleSIGHUP": true, "handleSIGINT": true, "handleSIGTERM": true, "slowMo": 0.0, "timeout": 30000.0, "tracesDir": "/home/usera/Pfee_final/browser/traces/temp/50f3ee1b-cc17-4b1e-a710-5a6392f1aed5"}</msg>
<msg time="2025-05-16T14:01:37.036976" level="INFO">Successfully created browser with options: {"browser":"chromium","headless":true,"chromiumSandbox":false,"devtools":false,"handleSIGHUP":true,"handleSIGINT":true,"handleSIGTERM":true,"slowMo":0,"timeout":30000,"tracesDir":"/home/usera/Pfee_final/browser/traces/temp/50f3ee1b-cc17-4b1e-a710-5a6392f1aed5"}</msg>
<arg>browser=${BROWSER}</arg>
<arg>headless=${HEADLESS}</arg>
<tag>BrowserControl</tag>
<tag>Setter</tag>
<doc>Create a new playwright Browser with specified options.</doc>
<status status="PASS" start="2025-05-16T14:01:36.917766" elapsed="0.119706"/>
</kw>
<kw name="New Page" owner="Browser">
<msg time="2025-05-16T14:01:39.353638" level="INFO">Successfully initialized new page object and opened url: http://localhost:5173/EmployeeLogin</msg>
<msg time="2025-05-16T14:01:39.353846" level="INFO">No context was open. New context was automatically opened when this page is created.</msg>
<arg>${SITE_URL}/EmployeeLogin</arg>
<tag>BrowserControl</tag>
<tag>Setter</tag>
<doc>Open a new Page.</doc>
<status status="PASS" start="2025-05-16T14:01:37.037899" elapsed="2.316333"/>
</kw>
<kw name="Fill Text" owner="Browser">
<msg time="2025-05-16T14:01:39.356306" level="INFO">Fills the text 'zeidimohamedtaher13@gmail.com' in the given field.</msg>
<arg>input#email1</arg>
<arg>${EMPLOYEE_EMAIL}</arg>
<tag>PageContent</tag>
<tag>Setter</tag>
<doc>Clears and fills the given ``txt`` into the text field found by ``selector``.</doc>
<status status="PASS" start="2025-05-16T14:01:39.354713" elapsed="0.061567"/>
</kw>
<kw name="Fill Text" owner="Browser">
<msg time="2025-05-16T14:01:39.418763" level="INFO">Fills the text 'mohamed' in the given field.</msg>
<arg>input#password1</arg>
<arg>${EMPLOYEE_PASSWORD}</arg>
<tag>PageContent</tag>
<tag>Setter</tag>
<doc>Clears and fills the given ``txt`` into the text field found by ``selector``.</doc>
<status status="PASS" start="2025-05-16T14:01:39.416994" elapsed="0.017483"/>
</kw>
<kw name="Click" owner="Browser">
<msg time="2025-05-16T14:01:39.435964" level="INFO">Clicks the element 'button:has-text("Sign In")'.</msg>
<arg>button:has-text("Sign In")</arg>
<tag>PageContent</tag>
<tag>Setter</tag>
<doc>Simulates mouse click on the element found by ``selector``.</doc>
<status status="PASS" start="2025-05-16T14:01:39.435025" elapsed="0.056571"/>
</kw>
<kw name="Wait For Elements State" owner="Browser">
<msg time="2025-05-16T14:01:39.740778" level="INFO">Waited for Element with selector xpath=//h1[contains(text(),"Time Tracking")] at state visible</msg>
<arg>xpath=//h1[contains(text(),"Time Tracking")]</arg>
<arg>visible</arg>
<arg>timeout=${TIMEOUT}</arg>
<tag>PageContent</tag>
<tag>Wait</tag>
<doc>Waits for the element found by ``selector`` to satisfy state option.</doc>
<status status="PASS" start="2025-05-16T14:01:39.491964" elapsed="0.249072"/>
</kw>
<doc>Opens browser and navigates to the time tracking page</doc>
<status status="PASS" start="2025-05-16T14:01:36.916971" elapsed="2.824247"/>
</kw>
<kw name="Wait For Elements State" owner="Browser">
<msg time="2025-05-16T14:01:39.826553" level="INFO">Waited for Element with selector .weekly-summary at state visible</msg>
<arg>.weekly-summary</arg>
<arg>visible</arg>
<tag>PageContent</tag>
<tag>Wait</tag>
<doc>Waits for the element found by ``selector`` to satisfy state option.</doc>
<status status="PASS" start="2025-05-16T14:01:39.741600" elapsed="0.085308"/>
</kw>
<kw name="Get Element" owner="Browser">
<msg time="2025-05-16T14:01:39.887024" level="INFO">Locator found successfully.</msg>
<msg time="2025-05-16T14:01:39.887676" level="INFO">${summary_visible} = .weekly-progress-bar</msg>
<var>${summary_visible}</var>
<arg>.weekly-progress-bar</arg>
<tag>Getter</tag>
<tag>PageContent</tag>
<doc>Returns a reference to a Playwright [https://playwright.dev/docs/api/class-locator|Locator].</doc>
<status status="PASS" start="2025-05-16T14:01:39.827436" elapsed="0.060316"/>
</kw>
<kw name="Should Not Be Empty" owner="BuiltIn">
<msg time="2025-05-16T14:01:39.888691" level="INFO">Length is 20.</msg>
<arg>${summary_visible}</arg>
<doc>Verifies that the given item is not empty.</doc>
<status status="PASS" start="2025-05-16T14:01:39.888234" elapsed="0.000573"/>
</kw>
<kw name="Get Element" owner="Browser">
<msg time="2025-05-16T14:01:40.051083" level="INFO">Locator found successfully.</msg>
<msg time="2025-05-16T14:01:40.051521" level="INFO">${hours_visible} = .summary-badge</msg>
<var>${hours_visible}</var>
<arg>.summary-badge</arg>
<tag>Getter</tag>
<tag>PageContent</tag>
<doc>Returns a reference to a Playwright [https://playwright.dev/docs/api/class-locator|Locator].</doc>
<status status="PASS" start="2025-05-16T14:01:39.889133" elapsed="0.162454"/>
</kw>
<kw name="Should Not Be Empty" owner="BuiltIn">
<msg time="2025-05-16T14:01:40.052458" level="INFO">Length is 14.</msg>
<arg>${hours_visible}</arg>
<doc>Verifies that the given item is not empty.</doc>
<status status="PASS" start="2025-05-16T14:01:40.052031" elapsed="0.000532"/>
</kw>
<kw name="Close Browser" owner="Browser" type="TEARDOWN">
<msg time="2025-05-16T14:01:40.110337" level="INFO">Closed browser</msg>
<tag>BrowserControl</tag>
<tag>Setter</tag>
<doc>Closes the current browser.</doc>
<status status="PASS" start="2025-05-16T14:01:40.052992" elapsed="0.057975"/>
</kw>
<doc>Tests weekly summary display</doc>
<tag>summary</tag>
<tag>time_tracking</tag>
<status status="PASS" start="2025-05-16T14:01:36.910830" elapsed="3.200562"/>
</test>
<doc>Time Tracking Test Suite
Tests the time tracking functionality including starting, pausing,
stopping and managing time entries.</doc>
<status status="FAIL" start="2025-05-16T14:00:40.158056" elapsed="59.962187"/>
</suite>
<status status="FAIL" start="2025-05-16T14:00:40.134499" elapsed="59.995960"/>
</suite>
<statistics>
<total>
<stat pass="2" fail="4" skip="0">All Tests</stat>
</total>
<tag>
<stat pass="0" fail="2" skip="0">delete</stat>
<stat pass="1" fail="0" skip="0">filter</stat>
<stat pass="0" fail="1" skip="0">negative</stat>
<stat pass="0" fail="1" skip="0">pause_resume</stat>
<stat pass="0" fail="1" skip="0">smoke</stat>
<stat pass="1" fail="0" skip="0">summary</stat>
<stat pass="2" fail="4" skip="0">time_tracking</stat>
</tag>
<suite>
<stat name="Time Tracking" id="s1" pass="2" fail="4" skip="0">Time Tracking</stat>
<stat name="Time Tracking" id="s1-s1" pass="2" fail="4" skip="0">Time Tracking.Time Tracking</stat>
</suite>
</statistics>
<errors>
</errors>
</robot>
