<?xml version="1.0" encoding="UTF-8"?>
<robot generator="Robot 7.2.2 (Python 3.10.12 on linux)" generated="2025-05-16T08:13:09.682729" rpa="false" schemaversion="5">
<suite id="s1" name="Tests" source="/home/usera/Pfee_final/robot-tests/tests">
<suite id="s1-s1" name="Employee Login" source="/home/usera/Pfee_final/robot-tests/tests/employee_login">
<suite id="s1-s1-s1" name="Employee Login Accessibility" source="/home/usera/Pfee_final/robot-tests/tests/employee_login/employee_login_accessibility.robot">
<test id="s1-s1-s1-t1" name="Verify ARIA Labels" line="8">
<kw name="Open Browser To Employee Login Page" owner="employee_login_keywords" type="SETUP">
<kw name="New Browser" owner="Browser">
<msg time="2025-05-16T08:13:09.940989" level="INFO">{"browser": "chromium", "headless": false, "chromiumSandbox": false, "devtools": false, "handleSIGHUP": true, "handleSIGINT": true, "handleSIGTERM": true, "slowMo": 0.0, "timeout": 30000.0, "tracesDir": "/home/usera/Pfee_final/browser/traces/temp/e8ea1419-f49f-421c-b3b9-35b2372704df"}</msg>
<msg time="2025-05-16T08:13:09.947933" level="INFO">Starting Browser process /home/usera/.local/lib/python3.10/site-packages/Browser/wrapper/index.js using at 127.0.0.1:58647</msg>
<msg time="2025-05-16T08:13:11.016577" level="INFO">Successfully created browser with options: {"browser":"chromium","headless":false,"chromiumSandbox":false,"devtools":false,"handleSIGHUP":true,"handleSIGINT":true,"handleSIGTERM":true,"slowMo":0,"timeout":30000,"tracesDir":"/home/usera/Pfee_final/browser/traces/temp/e8ea1419-f49f-421c-b3b9-35b2372704df"}</msg>
<arg>browser=${BROWSER}</arg>
<arg>headless=${HEADLESS}</arg>
<tag>BrowserControl</tag>
<tag>Setter</tag>
<doc>Create a new playwright Browser with specified options.</doc>
<status status="PASS" start="2025-05-16T08:13:09.938770" elapsed="1.078038"/>
</kw>
<kw name="New Context" owner="Browser">
<msg time="2025-05-16T08:13:11.019495" level="INFO">{
  "acceptDownloads": true,
  "bypassCSP": false,
  "forcedColors": "none",
  "ignoreHTTPSErrors": false,
  "javaScriptEnabled": true,
  "offline": false,
  "reducedMotion": "no-preference",
  "serviceWorkers": "allow",
  "viewport": {
    "width": 1920,
    "height": 1080
  }
}</msg>
<msg time="2025-05-16T08:13:11.043803" level="INFO">Successfully created context. </msg>
<msg time="2025-05-16T08:13:11.043983" level="INFO">{'acceptDownloads': True, 'bypassCSP': False, 'forcedColors': 'none', 'ignoreHTTPSErrors': False, 'javaScriptEnabled': True, 'offline': False, 'reducedMotion': 'no-preference', 'serviceWorkers': 'allow', 'viewport': {'width': 1920, 'height': 1080}}</msg>
<arg>viewport={'width': 1920, 'height': 1080}</arg>
<tag>BrowserControl</tag>
<tag>Setter</tag>
<doc>Create a new BrowserContext with specified options.</doc>
<status status="PASS" start="2025-05-16T08:13:11.017142" elapsed="0.027008"/>
</kw>
<kw name="New Page" owner="Browser">
<msg time="2025-05-16T08:13:15.567953" level="INFO">Successfully initialized new page object and opened url: http://localhost:5173/EmployeeLogin</msg>
<arg>${EMPLOYEE_LOGIN_URL}</arg>
<tag>BrowserControl</tag>
<tag>Setter</tag>
<doc>Open a new Page.</doc>
<status status="PASS" start="2025-05-16T08:13:11.044579" elapsed="4.524199"/>
</kw>
<kw name="Wait For Elements State" owner="Browser">
<msg time="2025-05-16T08:13:15.618754" level="INFO">Waited for Element with selector img[alt="Logo"] at state visible</msg>
<arg>${LOGO_IMG}</arg>
<arg>visible</arg>
<arg>timeout=${TIMEOUT}</arg>
<tag>PageContent</tag>
<tag>Wait</tag>
<doc>Waits for the element found by ``selector`` to satisfy state option.</doc>
<status status="PASS" start="2025-05-16T08:13:15.569326" elapsed="0.049807"/>
</kw>
<doc>Opens browser and navigates to employee login page</doc>
<status status="PASS" start="2025-05-16T08:13:09.937194" elapsed="5.682266"/>
</kw>
<kw name="Get Property" owner="Browser">
<msg time="2025-05-16T08:13:15.655966" level="INFO">Property: 'Email address'</msg>
<arg>input#email1</arg>
<arg>placeholder</arg>
<arg>==</arg>
<arg>Email address</arg>
<tag>Assertion</tag>
<tag>Getter</tag>
<tag>PageContent</tag>
<doc>Returns the ``property`` of the element found by ``selector``.</doc>
<status status="PASS" start="2025-05-16T08:13:15.619997" elapsed="0.036237"/>
</kw>
<kw name="Get Property" owner="Browser">
<msg time="2025-05-16T08:13:15.680582" level="INFO">Property: 'Password'</msg>
<arg>input#password1</arg>
<arg>placeholder</arg>
<arg>==</arg>
<arg>Password</arg>
<tag>Assertion</tag>
<tag>Getter</tag>
<tag>PageContent</tag>
<doc>Returns the ``property`` of the element found by ``selector``.</doc>
<status status="PASS" start="2025-05-16T08:13:15.656786" elapsed="0.024281"/>
</kw>
<kw name="Close Browser" owner="Browser" type="TEARDOWN">
<msg time="2025-05-16T08:13:16.726159" level="INFO">Closed browser</msg>
<tag>BrowserControl</tag>
<tag>Setter</tag>
<doc>Closes the current browser.</doc>
<status status="PASS" start="2025-05-16T08:13:15.682220" elapsed="1.044232"/>
</kw>
<doc>Tests presence of ARIA labels</doc>
<tag>accessibility</tag>
<tag>aria</tag>
<status status="PASS" start="2025-05-16T08:13:09.936044" elapsed="6.790623"/>
</test>
<doc>Accessibility Test Suite for Employee Login</doc>
<status status="PASS" start="2025-05-16T08:13:09.714440" elapsed="7.023694"/>
</suite>
<suite id="s1-s1-s2" name="Employee Login Authentication" source="/home/usera/Pfee_final/robot-tests/tests/employee_login/employee_login_authentication.robot">
<test id="s1-s1-s2-t1" name="Valid Employee Login" line="9">
<kw name="Open Browser To Employee Login Page" owner="employee_login_keywords" type="SETUP">
<kw name="New Browser" owner="Browser">
<msg time="2025-05-16T08:13:16.776675" level="INFO">{"browser": "chromium", "headless": false, "chromiumSandbox": false, "devtools": false, "handleSIGHUP": true, "handleSIGINT": true, "handleSIGTERM": true, "slowMo": 0.0, "timeout": 30000.0, "tracesDir": "/home/usera/Pfee_final/browser/traces/temp/9142f0cc-b090-497f-8820-d5c235657292"}</msg>
<msg time="2025-05-16T08:13:17.113052" level="INFO">Successfully created browser with options: {"browser":"chromium","headless":false,"chromiumSandbox":false,"devtools":false,"handleSIGHUP":true,"handleSIGINT":true,"handleSIGTERM":true,"slowMo":0,"timeout":30000,"tracesDir":"/home/usera/Pfee_final/browser/traces/temp/9142f0cc-b090-497f-8820-d5c235657292"}</msg>
<arg>browser=${BROWSER}</arg>
<arg>headless=${HEADLESS}</arg>
<tag>BrowserControl</tag>
<tag>Setter</tag>
<doc>Create a new playwright Browser with specified options.</doc>
<status status="PASS" start="2025-05-16T08:13:16.774956" elapsed="0.338436"/>
</kw>
<kw name="New Context" owner="Browser">
<msg time="2025-05-16T08:13:17.116004" level="INFO">{
  "acceptDownloads": true,
  "bypassCSP": false,
  "forcedColors": "none",
  "ignoreHTTPSErrors": false,
  "javaScriptEnabled": true,
  "offline": false,
  "reducedMotion": "no-preference",
  "serviceWorkers": "allow",
  "viewport": {
    "width": 1920,
    "height": 1080
  }
}</msg>
<msg time="2025-05-16T08:13:17.125650" level="INFO">Successfully created context. </msg>
<msg time="2025-05-16T08:13:17.125782" level="INFO">{'acceptDownloads': True, 'bypassCSP': False, 'forcedColors': 'none', 'ignoreHTTPSErrors': False, 'javaScriptEnabled': True, 'offline': False, 'reducedMotion': 'no-preference', 'serviceWorkers': 'allow', 'viewport': {'width': 1920, 'height': 1080}}</msg>
<arg>viewport={'width': 1920, 'height': 1080}</arg>
<tag>BrowserControl</tag>
<tag>Setter</tag>
<doc>Create a new BrowserContext with specified options.</doc>
<status status="PASS" start="2025-05-16T08:13:17.113717" elapsed="0.012199"/>
</kw>
<kw name="New Page" owner="Browser">
<msg time="2025-05-16T08:13:22.115171" level="INFO">Successfully initialized new page object and opened url: http://localhost:5173/EmployeeLogin</msg>
<arg>${EMPLOYEE_LOGIN_URL}</arg>
<tag>BrowserControl</tag>
<tag>Setter</tag>
<doc>Open a new Page.</doc>
<status status="PASS" start="2025-05-16T08:13:17.126421" elapsed="4.989134"/>
</kw>
<kw name="Wait For Elements State" owner="Browser">
<msg time="2025-05-16T08:13:22.154438" level="INFO">Waited for Element with selector img[alt="Logo"] at state visible</msg>
<arg>${LOGO_IMG}</arg>
<arg>visible</arg>
<arg>timeout=${TIMEOUT}</arg>
<tag>PageContent</tag>
<tag>Wait</tag>
<doc>Waits for the element found by ``selector`` to satisfy state option.</doc>
<status status="PASS" start="2025-05-16T08:13:22.115919" elapsed="0.038853"/>
</kw>
<doc>Opens browser and navigates to employee login page</doc>
<status status="PASS" start="2025-05-16T08:13:16.774098" elapsed="5.380885"/>
</kw>
<kw name="Input Employee Credentials" owner="employee_login_keywords">
<kw name="Fill Text" owner="Browser">
<msg time="2025-05-16T08:13:22.156586" level="INFO">Fills the text 'zeidimohamedtaher13@gmail.com' in the given field.</msg>
<arg>input#email1</arg>
<arg>${email}</arg>
<tag>PageContent</tag>
<tag>Setter</tag>
<doc>Clears and fills the given ``txt`` into the text field found by ``selector``.</doc>
<status status="PASS" start="2025-05-16T08:13:22.156010" elapsed="0.030021"/>
</kw>
<kw name="Fill Text" owner="Browser">
<msg time="2025-05-16T08:13:22.188732" level="INFO">Fills the text 'mohamed' in the given field.</msg>
<arg>input#password1</arg>
<arg>${password}</arg>
<tag>PageContent</tag>
<tag>Setter</tag>
<doc>Clears and fills the given ``txt`` into the text field found by ``selector``.</doc>
<status status="PASS" start="2025-05-16T08:13:22.186802" elapsed="0.035367"/>
</kw>
<arg>${EMPLOYEE_EMAIL}</arg>
<arg>${EMPLOYEE_PASSWORD}</arg>
<doc>Enters employee login credentials</doc>
<status status="PASS" start="2025-05-16T08:13:22.155373" elapsed="0.067047"/>
</kw>
<kw name="Submit Employee Login Form" owner="employee_login_keywords">
<kw name="Click" owner="Browser">
<msg time="2025-05-16T08:13:22.224065" level="INFO">Clicks the element 'button:has-text("Sign In")'.</msg>
<arg>button:has-text("Sign In")</arg>
<tag>PageContent</tag>
<tag>Setter</tag>
<doc>Simulates mouse click on the element found by ``selector``.</doc>
<status status="PASS" start="2025-05-16T08:13:22.223461" elapsed="0.072159"/>
</kw>
<doc>Submits the employee login form</doc>
<status status="PASS" start="2025-05-16T08:13:22.222891" elapsed="0.073136"/>
</kw>
<kw name="Wait For Elements State" owner="Browser">
<msg time="2025-05-16T08:13:22.771416" level="INFO">Waited for Element with selector text="Dashboard" at state visible</msg>
<arg>text="Dashboard"</arg>
<arg>visible</arg>
<arg>timeout=${TIMEOUT}</arg>
<tag>PageContent</tag>
<tag>Wait</tag>
<doc>Waits for the element found by ``selector`` to satisfy state option.</doc>
<status status="PASS" start="2025-05-16T08:13:22.296720" elapsed="0.475026"/>
</kw>
<kw name="Close Browser" owner="Browser" type="TEARDOWN">
<msg time="2025-05-16T08:13:23.542952" level="INFO">Closed browser</msg>
<tag>BrowserControl</tag>
<tag>Setter</tag>
<doc>Closes the current browser.</doc>
<status status="PASS" start="2025-05-16T08:13:22.772346" elapsed="0.770848"/>
</kw>
<doc>Tests successful employee login with valid credentials</doc>
<tag>authentication</tag>
<tag>critical</tag>
<tag>smoke</tag>
<status status="PASS" start="2025-05-16T08:13:16.768419" elapsed="6.774974"/>
</test>
<test id="s1-s1-s2-t2" name="Invalid Employee Login - Wrong Password" line="16">
<kw name="Open Browser To Employee Login Page" owner="employee_login_keywords" type="SETUP">
<kw name="New Browser" owner="Browser">
<msg time="2025-05-16T08:13:23.558614" level="INFO">{"browser": "chromium", "headless": false, "chromiumSandbox": false, "devtools": false, "handleSIGHUP": true, "handleSIGINT": true, "handleSIGTERM": true, "slowMo": 0.0, "timeout": 30000.0, "tracesDir": "/home/usera/Pfee_final/browser/traces/temp/266be6b0-c86b-4378-a089-86682251c297"}</msg>
<msg time="2025-05-16T08:13:23.890094" level="INFO">Successfully created browser with options: {"browser":"chromium","headless":false,"chromiumSandbox":false,"devtools":false,"handleSIGHUP":true,"handleSIGINT":true,"handleSIGTERM":true,"slowMo":0,"timeout":30000,"tracesDir":"/home/usera/Pfee_final/browser/traces/temp/266be6b0-c86b-4378-a089-86682251c297"}</msg>
<arg>browser=${BROWSER}</arg>
<arg>headless=${HEADLESS}</arg>
<tag>BrowserControl</tag>
<tag>Setter</tag>
<doc>Create a new playwright Browser with specified options.</doc>
<status status="PASS" start="2025-05-16T08:13:23.557330" elapsed="0.333124"/>
</kw>
<kw name="New Context" owner="Browser">
<msg time="2025-05-16T08:13:23.894587" level="INFO">{
  "acceptDownloads": true,
  "bypassCSP": false,
  "forcedColors": "none",
  "ignoreHTTPSErrors": false,
  "javaScriptEnabled": true,
  "offline": false,
  "reducedMotion": "no-preference",
  "serviceWorkers": "allow",
  "viewport": {
    "width": 1920,
    "height": 1080
  }
}</msg>
<msg time="2025-05-16T08:13:23.905746" level="INFO">Successfully created context. </msg>
<msg time="2025-05-16T08:13:23.906170" level="INFO">{'acceptDownloads': True, 'bypassCSP': False, 'forcedColors': 'none', 'ignoreHTTPSErrors': False, 'javaScriptEnabled': True, 'offline': False, 'reducedMotion': 'no-preference', 'serviceWorkers': 'allow', 'viewport': {'width': 1920, 'height': 1080}}</msg>
<arg>viewport={'width': 1920, 'height': 1080}</arg>
<tag>BrowserControl</tag>
<tag>Setter</tag>
<doc>Create a new BrowserContext with specified options.</doc>
<status status="PASS" start="2025-05-16T08:13:23.890878" elapsed="0.015458"/>
</kw>
<kw name="New Page" owner="Browser">
<msg time="2025-05-16T08:13:28.900298" level="INFO">Successfully initialized new page object and opened url: http://localhost:5173/EmployeeLogin</msg>
<arg>${EMPLOYEE_LOGIN_URL}</arg>
<tag>BrowserControl</tag>
<tag>Setter</tag>
<doc>Open a new Page.</doc>
<status status="PASS" start="2025-05-16T08:13:23.906729" elapsed="4.994300"/>
</kw>
<kw name="Wait For Elements State" owner="Browser">
<msg time="2025-05-16T08:13:28.943557" level="INFO">Waited for Element with selector img[alt="Logo"] at state visible</msg>
<arg>${LOGO_IMG}</arg>
<arg>visible</arg>
<arg>timeout=${TIMEOUT}</arg>
<tag>PageContent</tag>
<tag>Wait</tag>
<doc>Waits for the element found by ``selector`` to satisfy state option.</doc>
<status status="PASS" start="2025-05-16T08:13:28.901611" elapsed="0.042343"/>
</kw>
<doc>Opens browser and navigates to employee login page</doc>
<status status="PASS" start="2025-05-16T08:13:23.556569" elapsed="5.387642"/>
</kw>
<kw name="Input Employee Credentials" owner="employee_login_keywords">
<kw name="Fill Text" owner="Browser">
<msg time="2025-05-16T08:13:28.947353" level="INFO">Fills the text 'zeidimohamedtaher13@gmail.com' in the given field.</msg>
<arg>input#email1</arg>
<arg>${email}</arg>
<tag>PageContent</tag>
<tag>Setter</tag>
<doc>Clears and fills the given ``txt`` into the text field found by ``selector``.</doc>
<status status="PASS" start="2025-05-16T08:13:28.946135" elapsed="0.026117"/>
</kw>
<kw name="Fill Text" owner="Browser">
<msg time="2025-05-16T08:13:28.973686" level="INFO">Fills the text 'wrongpassword' in the given field.</msg>
<arg>input#password1</arg>
<arg>${password}</arg>
<tag>PageContent</tag>
<tag>Setter</tag>
<doc>Clears and fills the given ``txt`` into the text field found by ``selector``.</doc>
<status status="PASS" start="2025-05-16T08:13:28.972714" elapsed="0.028269"/>
</kw>
<arg>${EMPLOYEE_EMAIL}</arg>
<arg>wrongpassword</arg>
<doc>Enters employee login credentials</doc>
<status status="PASS" start="2025-05-16T08:13:28.945014" elapsed="0.056283"/>
</kw>
<kw name="Submit Employee Login Form" owner="employee_login_keywords">
<kw name="Click" owner="Browser">
<msg time="2025-05-16T08:13:29.004335" level="INFO">Clicks the element 'button:has-text("Sign In")'.</msg>
<arg>button:has-text("Sign In")</arg>
<tag>PageContent</tag>
<tag>Setter</tag>
<doc>Simulates mouse click on the element found by ``selector``.</doc>
<status status="PASS" start="2025-05-16T08:13:29.003111" elapsed="0.061166"/>
</kw>
<doc>Submits the employee login form</doc>
<status status="PASS" start="2025-05-16T08:13:29.001930" elapsed="0.062824"/>
</kw>
<kw name="Wait For Elements State" owner="Browser">
<msg time="2025-05-16T08:13:29.174430" level="INFO">Waited for Element with selector text="Login failed. Please try again." at state visible</msg>
<arg>text="Login failed. Please try again."</arg>
<arg>visible</arg>
<arg>timeout=${TIMEOUT}</arg>
<tag>PageContent</tag>
<tag>Wait</tag>
<doc>Waits for the element found by ``selector`` to satisfy state option.</doc>
<status status="PASS" start="2025-05-16T08:13:29.067207" elapsed="0.107453"/>
</kw>
<kw name="Close Browser" owner="Browser" type="TEARDOWN">
<msg time="2025-05-16T08:13:29.708523" level="INFO">Closed browser</msg>
<tag>BrowserControl</tag>
<tag>Setter</tag>
<doc>Closes the current browser.</doc>
<status status="PASS" start="2025-05-16T08:13:29.175440" elapsed="0.533501"/>
</kw>
<doc>Tests employee login failure with incorrect password</doc>
<tag>authentication</tag>
<tag>negative</tag>
<status status="PASS" start="2025-05-16T08:13:23.551878" elapsed="6.157443"/>
</test>
<test id="s1-s1-s2-t3" name="Invalid Employee Login - Wrong Email" line="23">
<kw name="Open Browser To Employee Login Page" owner="employee_login_keywords" type="SETUP">
<kw name="New Browser" owner="Browser">
<msg time="2025-05-16T08:13:29.723102" level="INFO">{"browser": "chromium", "headless": false, "chromiumSandbox": false, "devtools": false, "handleSIGHUP": true, "handleSIGINT": true, "handleSIGTERM": true, "slowMo": 0.0, "timeout": 30000.0, "tracesDir": "/home/usera/Pfee_final/browser/traces/temp/b1672436-f301-4030-ab66-ee070315628a"}</msg>
<msg time="2025-05-16T08:13:30.050746" level="INFO">Successfully created browser with options: {"browser":"chromium","headless":false,"chromiumSandbox":false,"devtools":false,"handleSIGHUP":true,"handleSIGINT":true,"handleSIGTERM":true,"slowMo":0,"timeout":30000,"tracesDir":"/home/usera/Pfee_final/browser/traces/temp/b1672436-f301-4030-ab66-ee070315628a"}</msg>
<arg>browser=${BROWSER}</arg>
<arg>headless=${HEADLESS}</arg>
<tag>BrowserControl</tag>
<tag>Setter</tag>
<doc>Create a new playwright Browser with specified options.</doc>
<status status="PASS" start="2025-05-16T08:13:29.721865" elapsed="0.329409"/>
</kw>
<kw name="New Context" owner="Browser">
<msg time="2025-05-16T08:13:30.055380" level="INFO">{
  "acceptDownloads": true,
  "bypassCSP": false,
  "forcedColors": "none",
  "ignoreHTTPSErrors": false,
  "javaScriptEnabled": true,
  "offline": false,
  "reducedMotion": "no-preference",
  "serviceWorkers": "allow",
  "viewport": {
    "width": 1920,
    "height": 1080
  }
}</msg>
<msg time="2025-05-16T08:13:30.065736" level="INFO">Successfully created context. </msg>
<msg time="2025-05-16T08:13:30.065883" level="INFO">{'acceptDownloads': True, 'bypassCSP': False, 'forcedColors': 'none', 'ignoreHTTPSErrors': False, 'javaScriptEnabled': True, 'offline': False, 'reducedMotion': 'no-preference', 'serviceWorkers': 'allow', 'viewport': {'width': 1920, 'height': 1080}}</msg>
<arg>viewport={'width': 1920, 'height': 1080}</arg>
<tag>BrowserControl</tag>
<tag>Setter</tag>
<doc>Create a new BrowserContext with specified options.</doc>
<status status="PASS" start="2025-05-16T08:13:30.051802" elapsed="0.014199"/>
</kw>
<kw name="New Page" owner="Browser">
<msg time="2025-05-16T08:13:33.827181" level="INFO">Successfully initialized new page object and opened url: http://localhost:5173/EmployeeLogin</msg>
<arg>${EMPLOYEE_LOGIN_URL}</arg>
<tag>BrowserControl</tag>
<tag>Setter</tag>
<doc>Open a new Page.</doc>
<status status="PASS" start="2025-05-16T08:13:30.066292" elapsed="3.761435"/>
</kw>
<kw name="Wait For Elements State" owner="Browser">
<msg time="2025-05-16T08:13:33.865026" level="INFO">Waited for Element with selector img[alt="Logo"] at state visible</msg>
<arg>${LOGO_IMG}</arg>
<arg>visible</arg>
<arg>timeout=${TIMEOUT}</arg>
<tag>PageContent</tag>
<tag>Wait</tag>
<doc>Waits for the element found by ``selector`` to satisfy state option.</doc>
<status status="PASS" start="2025-05-16T08:13:33.828079" elapsed="0.037330"/>
</kw>
<doc>Opens browser and navigates to employee login page</doc>
<status status="PASS" start="2025-05-16T08:13:29.721230" elapsed="4.144471"/>
</kw>
<kw name="Input Employee Credentials" owner="employee_login_keywords">
<kw name="Fill Text" owner="Browser">
<msg time="2025-05-16T08:13:33.867904" level="INFO">Fills the text 'invalid@email.com' in the given field.</msg>
<arg>input#email1</arg>
<arg>${email}</arg>
<tag>PageContent</tag>
<tag>Setter</tag>
<doc>Clears and fills the given ``txt`` into the text field found by ``selector``.</doc>
<status status="PASS" start="2025-05-16T08:13:33.867071" elapsed="0.030702"/>
</kw>
<kw name="Fill Text" owner="Browser">
<msg time="2025-05-16T08:13:33.899539" level="INFO">Fills the text 'mohamed' in the given field.</msg>
<arg>input#password1</arg>
<arg>${password}</arg>
<tag>PageContent</tag>
<tag>Setter</tag>
<doc>Clears and fills the given ``txt`` into the text field found by ``selector``.</doc>
<status status="PASS" start="2025-05-16T08:13:33.898257" elapsed="0.033096"/>
</kw>
<arg>invalid@email.com</arg>
<arg>${EMPLOYEE_PASSWORD}</arg>
<doc>Enters employee login credentials</doc>
<status status="PASS" start="2025-05-16T08:13:33.866294" elapsed="0.065571"/>
</kw>
<kw name="Submit Employee Login Form" owner="employee_login_keywords">
<kw name="Click" owner="Browser">
<msg time="2025-05-16T08:13:33.934535" level="INFO">Clicks the element 'button:has-text("Sign In")'.</msg>
<arg>button:has-text("Sign In")</arg>
<tag>PageContent</tag>
<tag>Setter</tag>
<doc>Simulates mouse click on the element found by ``selector``.</doc>
<status status="PASS" start="2025-05-16T08:13:33.933616" elapsed="0.072313"/>
</kw>
<doc>Submits the employee login form</doc>
<status status="PASS" start="2025-05-16T08:13:33.932507" elapsed="0.073634"/>
</kw>
<kw name="Wait For Elements State" owner="Browser">
<msg time="2025-05-16T08:13:34.029006" level="INFO">Waited for Element with selector text="Login failed. Please try again." at state visible</msg>
<arg>text="Login failed. Please try again."</arg>
<arg>visible</arg>
<arg>timeout=${TIMEOUT}</arg>
<tag>PageContent</tag>
<tag>Wait</tag>
<doc>Waits for the element found by ``selector`` to satisfy state option.</doc>
<status status="PASS" start="2025-05-16T08:13:34.006488" elapsed="0.023188"/>
</kw>
<kw name="Close Browser" owner="Browser" type="TEARDOWN">
<msg time="2025-05-16T08:13:34.515200" level="INFO">Closed browser</msg>
<tag>BrowserControl</tag>
<tag>Setter</tag>
<doc>Closes the current browser.</doc>
<status status="PASS" start="2025-05-16T08:13:34.030495" elapsed="0.485010"/>
</kw>
<doc>Tests employee login failure with incorrect email</doc>
<tag>authentication</tag>
<tag>negative</tag>
<status status="PASS" start="2025-05-16T08:13:29.717328" elapsed="4.798452"/>
</test>
<test id="s1-s1-s2-t4" name="Remember Me Employee Login" line="30">
<kw name="Open Browser To Employee Login Page" owner="employee_login_keywords" type="SETUP">
<kw name="New Browser" owner="Browser">
<msg time="2025-05-16T08:13:34.528493" level="INFO">{"browser": "chromium", "headless": false, "chromiumSandbox": false, "devtools": false, "handleSIGHUP": true, "handleSIGINT": true, "handleSIGTERM": true, "slowMo": 0.0, "timeout": 30000.0, "tracesDir": "/home/usera/Pfee_final/browser/traces/temp/1f27258c-3ba2-4c0e-b15f-02225fafeb70"}</msg>
<msg time="2025-05-16T08:13:34.870776" level="INFO">Successfully created browser with options: {"browser":"chromium","headless":false,"chromiumSandbox":false,"devtools":false,"handleSIGHUP":true,"handleSIGINT":true,"handleSIGTERM":true,"slowMo":0,"timeout":30000,"tracesDir":"/home/usera/Pfee_final/browser/traces/temp/1f27258c-3ba2-4c0e-b15f-02225fafeb70"}</msg>
<arg>browser=${BROWSER}</arg>
<arg>headless=${HEADLESS}</arg>
<tag>BrowserControl</tag>
<tag>Setter</tag>
<doc>Create a new playwright Browser with specified options.</doc>
<status status="PASS" start="2025-05-16T08:13:34.527161" elapsed="0.344019"/>
</kw>
<kw name="New Context" owner="Browser">
<msg time="2025-05-16T08:13:34.875328" level="INFO">{
  "acceptDownloads": true,
  "bypassCSP": false,
  "forcedColors": "none",
  "ignoreHTTPSErrors": false,
  "javaScriptEnabled": true,
  "offline": false,
  "reducedMotion": "no-preference",
  "serviceWorkers": "allow",
  "viewport": {
    "width": 1920,
    "height": 1080
  }
}</msg>
<msg time="2025-05-16T08:13:34.886515" level="INFO">Successfully created context. </msg>
<msg time="2025-05-16T08:13:34.886646" level="INFO">{'acceptDownloads': True, 'bypassCSP': False, 'forcedColors': 'none', 'ignoreHTTPSErrors': False, 'javaScriptEnabled': True, 'offline': False, 'reducedMotion': 'no-preference', 'serviceWorkers': 'allow', 'viewport': {'width': 1920, 'height': 1080}}</msg>
<arg>viewport={'width': 1920, 'height': 1080}</arg>
<tag>BrowserControl</tag>
<tag>Setter</tag>
<doc>Create a new BrowserContext with specified options.</doc>
<status status="PASS" start="2025-05-16T08:13:34.871623" elapsed="0.015198"/>
</kw>
<kw name="New Page" owner="Browser">
<msg time="2025-05-16T08:13:38.433472" level="INFO">Successfully initialized new page object and opened url: http://localhost:5173/EmployeeLogin</msg>
<arg>${EMPLOYEE_LOGIN_URL}</arg>
<tag>BrowserControl</tag>
<tag>Setter</tag>
<doc>Open a new Page.</doc>
<status status="PASS" start="2025-05-16T08:13:34.887141" elapsed="3.546692"/>
</kw>
<kw name="Wait For Elements State" owner="Browser">
<msg time="2025-05-16T08:13:38.464435" level="INFO">Waited for Element with selector img[alt="Logo"] at state visible</msg>
<arg>${LOGO_IMG}</arg>
<arg>visible</arg>
<arg>timeout=${TIMEOUT}</arg>
<tag>PageContent</tag>
<tag>Wait</tag>
<doc>Waits for the element found by ``selector`` to satisfy state option.</doc>
<status status="PASS" start="2025-05-16T08:13:38.434171" elapsed="0.030647"/>
</kw>
<doc>Opens browser and navigates to employee login page</doc>
<status status="PASS" start="2025-05-16T08:13:34.526601" elapsed="3.938542"/>
</kw>
<kw name="Input Employee Credentials" owner="employee_login_keywords">
<kw name="Fill Text" owner="Browser">
<msg time="2025-05-16T08:13:38.468277" level="INFO">Fills the text 'zeidimohamedtaher13@gmail.com' in the given field.</msg>
<arg>input#email1</arg>
<arg>${email}</arg>
<tag>PageContent</tag>
<tag>Setter</tag>
<doc>Clears and fills the given ``txt`` into the text field found by ``selector``.</doc>
<status status="PASS" start="2025-05-16T08:13:38.467240" elapsed="0.025902"/>
</kw>
<kw name="Fill Text" owner="Browser">
<msg time="2025-05-16T08:13:38.495221" level="INFO">Fills the text 'mohamed' in the given field.</msg>
<arg>input#password1</arg>
<arg>${password}</arg>
<tag>PageContent</tag>
<tag>Setter</tag>
<doc>Clears and fills the given ``txt`` into the text field found by ``selector``.</doc>
<status status="PASS" start="2025-05-16T08:13:38.493835" elapsed="0.022477"/>
</kw>
<arg>${EMPLOYEE_EMAIL}</arg>
<arg>${EMPLOYEE_PASSWORD}</arg>
<doc>Enters employee login credentials</doc>
<status status="PASS" start="2025-05-16T08:13:38.465977" elapsed="0.050647"/>
</kw>
<kw name="Check Checkbox" owner="Browser">
<arg>${REMEMBER_ME_CB}</arg>
<tag>PageContent</tag>
<tag>Setter</tag>
<doc>Checks the checkbox or selects radio button found by ``selector``.</doc>
<status status="PASS" start="2025-05-16T08:13:38.518117" elapsed="0.056133"/>
</kw>
<kw name="Submit Employee Login Form" owner="employee_login_keywords">
<kw name="Click" owner="Browser">
<msg time="2025-05-16T08:13:38.578037" level="INFO">Clicks the element 'button:has-text("Sign In")'.</msg>
<arg>button:has-text("Sign In")</arg>
<tag>PageContent</tag>
<tag>Setter</tag>
<doc>Simulates mouse click on the element found by ``selector``.</doc>
<status status="PASS" start="2025-05-16T08:13:38.576720" elapsed="0.042937"/>
</kw>
<doc>Submits the employee login form</doc>
<status status="PASS" start="2025-05-16T08:13:38.575058" elapsed="0.044909"/>
</kw>
<kw name="Wait For Elements State" owner="Browser">
<msg time="2025-05-16T08:13:39.016149" level="INFO">Waited for Element with selector text="Dashboard" at state visible</msg>
<arg>text="Dashboard"</arg>
<arg>visible</arg>
<arg>timeout=${TIMEOUT}</arg>
<tag>PageContent</tag>
<tag>Wait</tag>
<doc>Waits for the element found by ``selector`` to satisfy state option.</doc>
<status status="PASS" start="2025-05-16T08:13:38.620462" elapsed="0.396202"/>
</kw>
<kw name="Close Browser" owner="Browser" type="TEARDOWN">
<msg time="2025-05-16T08:13:39.726084" level="INFO">Closed browser</msg>
<tag>BrowserControl</tag>
<tag>Setter</tag>
<doc>Closes the current browser.</doc>
<status status="PASS" start="2025-05-16T08:13:39.017987" elapsed="0.708420"/>
</kw>
<doc>Tests employee login with remember me functionality</doc>
<tag>authentication</tag>
<tag>remember-me</tag>
<status status="PASS" start="2025-05-16T08:13:34.523411" elapsed="5.203412"/>
</test>
<test id="s1-s1-s2-t5" name="Multiple Failed Login Attempts" line="40">
<kw name="Open Browser To Employee Login Page" owner="employee_login_keywords" type="SETUP">
<kw name="New Browser" owner="Browser">
<msg time="2025-05-16T08:13:39.741575" level="INFO">{"browser": "chromium", "headless": false, "chromiumSandbox": false, "devtools": false, "handleSIGHUP": true, "handleSIGINT": true, "handleSIGTERM": true, "slowMo": 0.0, "timeout": 30000.0, "tracesDir": "/home/usera/Pfee_final/browser/traces/temp/270f8f6c-c79c-46b9-b53e-6c080f9596cb"}</msg>
<msg time="2025-05-16T08:13:40.065626" level="INFO">Successfully created browser with options: {"browser":"chromium","headless":false,"chromiumSandbox":false,"devtools":false,"handleSIGHUP":true,"handleSIGINT":true,"handleSIGTERM":true,"slowMo":0,"timeout":30000,"tracesDir":"/home/usera/Pfee_final/browser/traces/temp/270f8f6c-c79c-46b9-b53e-6c080f9596cb"}</msg>
<arg>browser=${BROWSER}</arg>
<arg>headless=${HEADLESS}</arg>
<tag>BrowserControl</tag>
<tag>Setter</tag>
<doc>Create a new playwright Browser with specified options.</doc>
<status status="PASS" start="2025-05-16T08:13:39.740134" elapsed="0.325862"/>
</kw>
<kw name="New Context" owner="Browser">
<msg time="2025-05-16T08:13:40.068877" level="INFO">{
  "acceptDownloads": true,
  "bypassCSP": false,
  "forcedColors": "none",
  "ignoreHTTPSErrors": false,
  "javaScriptEnabled": true,
  "offline": false,
  "reducedMotion": "no-preference",
  "serviceWorkers": "allow",
  "viewport": {
    "width": 1920,
    "height": 1080
  }
}</msg>
<msg time="2025-05-16T08:13:40.078039" level="INFO">Successfully created context. </msg>
<msg time="2025-05-16T08:13:40.078191" level="INFO">{'acceptDownloads': True, 'bypassCSP': False, 'forcedColors': 'none', 'ignoreHTTPSErrors': False, 'javaScriptEnabled': True, 'offline': False, 'reducedMotion': 'no-preference', 'serviceWorkers': 'allow', 'viewport': {'width': 1920, 'height': 1080}}</msg>
<arg>viewport={'width': 1920, 'height': 1080}</arg>
<tag>BrowserControl</tag>
<tag>Setter</tag>
<doc>Create a new BrowserContext with specified options.</doc>
<status status="PASS" start="2025-05-16T08:13:40.066403" elapsed="0.011920"/>
</kw>
<kw name="New Page" owner="Browser">
<msg time="2025-05-16T08:13:45.020350" level="INFO">Successfully initialized new page object and opened url: http://localhost:5173/EmployeeLogin</msg>
<arg>${EMPLOYEE_LOGIN_URL}</arg>
<tag>BrowserControl</tag>
<tag>Setter</tag>
<doc>Open a new Page.</doc>
<status status="PASS" start="2025-05-16T08:13:40.078619" elapsed="4.942148"/>
</kw>
<kw name="Wait For Elements State" owner="Browser">
<msg time="2025-05-16T08:13:45.058036" level="INFO">Waited for Element with selector img[alt="Logo"] at state visible</msg>
<arg>${LOGO_IMG}</arg>
<arg>visible</arg>
<arg>timeout=${TIMEOUT}</arg>
<tag>PageContent</tag>
<tag>Wait</tag>
<doc>Waits for the element found by ``selector`` to satisfy state option.</doc>
<status status="PASS" start="2025-05-16T08:13:45.021219" elapsed="0.037059"/>
</kw>
<doc>Opens browser and navigates to employee login page</doc>
<status status="PASS" start="2025-05-16T08:13:39.739483" elapsed="5.318982"/>
</kw>
<for flavor="IN RANGE">
<iter>
<kw name="Input Employee Credentials" owner="employee_login_keywords">
<kw name="Fill Text" owner="Browser">
<msg time="2025-05-16T08:13:45.061180" level="INFO">Fills the text 'zeidimohamedtaher13@gmail.com' in the given field.</msg>
<arg>input#email1</arg>
<arg>${email}</arg>
<tag>PageContent</tag>
<tag>Setter</tag>
<doc>Clears and fills the given ``txt`` into the text field found by ``selector``.</doc>
<status status="PASS" start="2025-05-16T08:13:45.060427" elapsed="0.022492"/>
</kw>
<kw name="Fill Text" owner="Browser">
<msg time="2025-05-16T08:13:45.084531" level="INFO">Fills the text 'wrong0' in the given field.</msg>
<arg>input#password1</arg>
<arg>${password}</arg>
<tag>PageContent</tag>
<tag>Setter</tag>
<doc>Clears and fills the given ``txt`` into the text field found by ``selector``.</doc>
<status status="PASS" start="2025-05-16T08:13:45.083399" elapsed="0.032603"/>
</kw>
<arg>${EMPLOYEE_EMAIL}</arg>
<arg>wrong${index}</arg>
<doc>Enters employee login credentials</doc>
<status status="PASS" start="2025-05-16T08:13:45.059598" elapsed="0.056868"/>
</kw>
<kw name="Submit Employee Login Form" owner="employee_login_keywords">
<kw name="Click" owner="Browser">
<msg time="2025-05-16T08:13:45.120808" level="INFO">Clicks the element 'button:has-text("Sign In")'.</msg>
<arg>button:has-text("Sign In")</arg>
<tag>PageContent</tag>
<tag>Setter</tag>
<doc>Simulates mouse click on the element found by ``selector``.</doc>
<status status="PASS" start="2025-05-16T08:13:45.119444" elapsed="0.063682"/>
</kw>
<doc>Submits the employee login form</doc>
<status status="PASS" start="2025-05-16T08:13:45.118534" elapsed="0.064897"/>
</kw>
<kw name="Wait For Employee Error Message" owner="employee_login_keywords">
<kw name="Wait For Elements State" owner="Browser">
<msg time="2025-05-16T08:13:45.275618" level="INFO">Waited for Element with selector .text-red-500 at state visible</msg>
<arg>.text-red-500</arg>
<arg>visible</arg>
<arg>timeout=${TIMEOUT}</arg>
<tag>PageContent</tag>
<tag>Wait</tag>
<doc>Waits for the element found by ``selector`` to satisfy state option.</doc>
<status status="PASS" start="2025-05-16T08:13:45.184670" elapsed="0.091258"/>
</kw>
<arg>Login failed. Please try again.</arg>
<doc>Waits for error message to appear</doc>
<status status="PASS" start="2025-05-16T08:13:45.183828" elapsed="0.092344"/>
</kw>
<var name="${index}">0</var>
<status status="PASS" start="2025-05-16T08:13:45.059271" elapsed="0.217006"/>
</iter>
<iter>
<kw name="Input Employee Credentials" owner="employee_login_keywords">
<kw name="Fill Text" owner="Browser">
<msg time="2025-05-16T08:13:45.279634" level="INFO">Fills the text 'zeidimohamedtaher13@gmail.com' in the given field.</msg>
<arg>input#email1</arg>
<arg>${email}</arg>
<tag>PageContent</tag>
<tag>Setter</tag>
<doc>Clears and fills the given ``txt`` into the text field found by ``selector``.</doc>
<status status="PASS" start="2025-05-16T08:13:45.278368" elapsed="0.013089"/>
</kw>
<kw name="Fill Text" owner="Browser">
<msg time="2025-05-16T08:13:45.293579" level="INFO">Fills the text 'wrong1' in the given field.</msg>
<arg>input#password1</arg>
<arg>${password}</arg>
<tag>PageContent</tag>
<tag>Setter</tag>
<doc>Clears and fills the given ``txt`` into the text field found by ``selector``.</doc>
<status status="PASS" start="2025-05-16T08:13:45.292061" elapsed="0.013500"/>
</kw>
<arg>${EMPLOYEE_EMAIL}</arg>
<arg>wrong${index}</arg>
<doc>Enters employee login credentials</doc>
<status status="PASS" start="2025-05-16T08:13:45.277342" elapsed="0.028432"/>
</kw>
<kw name="Submit Employee Login Form" owner="employee_login_keywords">
<kw name="Click" owner="Browser">
<msg time="2025-05-16T08:13:45.307120" level="INFO">Clicks the element 'button:has-text("Sign In")'.</msg>
<arg>button:has-text("Sign In")</arg>
<tag>PageContent</tag>
<tag>Setter</tag>
<doc>Simulates mouse click on the element found by ``selector``.</doc>
<status status="PASS" start="2025-05-16T08:13:45.306544" elapsed="0.049478"/>
</kw>
<doc>Submits the employee login form</doc>
<status status="PASS" start="2025-05-16T08:13:45.306091" elapsed="0.050248"/>
</kw>
<kw name="Wait For Employee Error Message" owner="employee_login_keywords">
<kw name="Wait For Elements State" owner="Browser">
<msg time="2025-05-16T08:13:45.367592" level="INFO">Waited for Element with selector .text-red-500 at state visible</msg>
<arg>.text-red-500</arg>
<arg>visible</arg>
<arg>timeout=${TIMEOUT}</arg>
<tag>PageContent</tag>
<tag>Wait</tag>
<doc>Waits for the element found by ``selector`` to satisfy state option.</doc>
<status status="PASS" start="2025-05-16T08:13:45.357426" elapsed="0.010475"/>
</kw>
<arg>Login failed. Please try again.</arg>
<doc>Waits for error message to appear</doc>
<status status="PASS" start="2025-05-16T08:13:45.356715" elapsed="0.011383"/>
</kw>
<var name="${index}">1</var>
<status status="PASS" start="2025-05-16T08:13:45.276746" elapsed="0.091430"/>
</iter>
<iter>
<kw name="Input Employee Credentials" owner="employee_login_keywords">
<kw name="Fill Text" owner="Browser">
<msg time="2025-05-16T08:13:45.369836" level="INFO">Fills the text 'zeidimohamedtaher13@gmail.com' in the given field.</msg>
<arg>input#email1</arg>
<arg>${email}</arg>
<tag>PageContent</tag>
<tag>Setter</tag>
<doc>Clears and fills the given ``txt`` into the text field found by ``selector``.</doc>
<status status="PASS" start="2025-05-16T08:13:45.369285" elapsed="0.015145"/>
</kw>
<kw name="Fill Text" owner="Browser">
<msg time="2025-05-16T08:13:45.386405" level="INFO">Fills the text 'wrong2' in the given field.</msg>
<arg>input#password1</arg>
<arg>${password}</arg>
<tag>PageContent</tag>
<tag>Setter</tag>
<doc>Clears and fills the given ``txt`` into the text field found by ``selector``.</doc>
<status status="PASS" start="2025-05-16T08:13:45.385022" elapsed="0.018594"/>
</kw>
<arg>${EMPLOYEE_EMAIL}</arg>
<arg>wrong${index}</arg>
<doc>Enters employee login credentials</doc>
<status status="PASS" start="2025-05-16T08:13:45.368718" elapsed="0.035109"/>
</kw>
<kw name="Submit Employee Login Form" owner="employee_login_keywords">
<kw name="Click" owner="Browser">
<msg time="2025-05-16T08:13:45.405443" level="INFO">Clicks the element 'button:has-text("Sign In")'.</msg>
<arg>button:has-text("Sign In")</arg>
<tag>PageContent</tag>
<tag>Setter</tag>
<doc>Simulates mouse click on the element found by ``selector``.</doc>
<status status="PASS" start="2025-05-16T08:13:45.404925" elapsed="0.051900"/>
</kw>
<doc>Submits the employee login form</doc>
<status status="PASS" start="2025-05-16T08:13:45.404170" elapsed="0.052921"/>
</kw>
<kw name="Wait For Employee Error Message" owner="employee_login_keywords">
<kw name="Wait For Elements State" owner="Browser">
<msg time="2025-05-16T08:13:45.467621" level="INFO">Waited for Element with selector .text-red-500 at state visible</msg>
<arg>.text-red-500</arg>
<arg>visible</arg>
<arg>timeout=${TIMEOUT}</arg>
<tag>PageContent</tag>
<tag>Wait</tag>
<doc>Waits for the element found by ``selector`` to satisfy state option.</doc>
<status status="PASS" start="2025-05-16T08:13:45.458048" elapsed="0.009988"/>
</kw>
<arg>Login failed. Please try again.</arg>
<doc>Waits for error message to appear</doc>
<status status="PASS" start="2025-05-16T08:13:45.457415" elapsed="0.010948"/>
</kw>
<var name="${index}">2</var>
<status status="PASS" start="2025-05-16T08:13:45.368406" elapsed="0.100097"/>
</iter>
<var>${index}</var>
<value>3</value>
<status status="PASS" start="2025-05-16T08:13:45.058771" elapsed="0.409881"/>
</for>
<kw name="Close Browser" owner="Browser" type="TEARDOWN">
<msg time="2025-05-16T08:13:45.982865" level="INFO">Closed browser</msg>
<tag>BrowserControl</tag>
<tag>Setter</tag>
<doc>Closes the current browser.</doc>
<status status="PASS" start="2025-05-16T08:13:45.469498" elapsed="0.513617"/>
</kw>
<doc>Tests behavior with multiple failed attempts</doc>
<tag>authentication</tag>
<tag>security</tag>
<status status="PASS" start="2025-05-16T08:13:39.735399" elapsed="6.247929"/>
</test>
<doc>Authentication Test Suite for Employee Login Page
Tests various employee login scenarios and authentication flows</doc>
<status status="PASS" start="2025-05-16T08:13:16.749300" elapsed="29.239347"/>
</suite>
<suite id="s1-s1-s3" name="Employee Login Routing" source="/home/usera/Pfee_final/robot-tests/tests/employee_login/employee_login_routing.robot">
<test id="s1-s1-s3-t1" name="Successful Employee Login Navigation" line="9">
<kw name="Open Browser To Employee Login Page" owner="employee_login_keywords" type="SETUP">
<kw name="New Browser" owner="Browser">
<msg time="2025-05-16T08:13:46.026879" level="INFO">{"browser": "chromium", "headless": false, "chromiumSandbox": false, "devtools": false, "handleSIGHUP": true, "handleSIGINT": true, "handleSIGTERM": true, "slowMo": 0.0, "timeout": 30000.0, "tracesDir": "/home/usera/Pfee_final/browser/traces/temp/d933a72b-1211-4fb5-9aa6-0e566c511484"}</msg>
<msg time="2025-05-16T08:13:46.367352" level="INFO">Successfully created browser with options: {"browser":"chromium","headless":false,"chromiumSandbox":false,"devtools":false,"handleSIGHUP":true,"handleSIGINT":true,"handleSIGTERM":true,"slowMo":0,"timeout":30000,"tracesDir":"/home/usera/Pfee_final/browser/traces/temp/d933a72b-1211-4fb5-9aa6-0e566c511484"}</msg>
<arg>browser=${BROWSER}</arg>
<arg>headless=${HEADLESS}</arg>
<tag>BrowserControl</tag>
<tag>Setter</tag>
<doc>Create a new playwright Browser with specified options.</doc>
<status status="PASS" start="2025-05-16T08:13:46.025720" elapsed="0.342040"/>
</kw>
<kw name="New Context" owner="Browser">
<msg time="2025-05-16T08:13:46.370877" level="INFO">{
  "acceptDownloads": true,
  "bypassCSP": false,
  "forcedColors": "none",
  "ignoreHTTPSErrors": false,
  "javaScriptEnabled": true,
  "offline": false,
  "reducedMotion": "no-preference",
  "serviceWorkers": "allow",
  "viewport": {
    "width": 1920,
    "height": 1080
  }
}</msg>
<msg time="2025-05-16T08:13:46.380367" level="INFO">Successfully created context. </msg>
<msg time="2025-05-16T08:13:46.380599" level="INFO">{'acceptDownloads': True, 'bypassCSP': False, 'forcedColors': 'none', 'ignoreHTTPSErrors': False, 'javaScriptEnabled': True, 'offline': False, 'reducedMotion': 'no-preference', 'serviceWorkers': 'allow', 'viewport': {'width': 1920, 'height': 1080}}</msg>
<arg>viewport={'width': 1920, 'height': 1080}</arg>
<tag>BrowserControl</tag>
<tag>Setter</tag>
<doc>Create a new BrowserContext with specified options.</doc>
<status status="PASS" start="2025-05-16T08:13:46.368245" elapsed="0.012543"/>
</kw>
<kw name="New Page" owner="Browser">
<msg time="2025-05-16T08:13:49.327845" level="INFO">Successfully initialized new page object and opened url: http://localhost:5173/EmployeeLogin</msg>
<arg>${EMPLOYEE_LOGIN_URL}</arg>
<tag>BrowserControl</tag>
<tag>Setter</tag>
<doc>Open a new Page.</doc>
<status status="PASS" start="2025-05-16T08:13:46.381220" elapsed="2.947557"/>
</kw>
<kw name="Wait For Elements State" owner="Browser">
<msg time="2025-05-16T08:13:49.365879" level="INFO">Waited for Element with selector img[alt="Logo"] at state visible</msg>
<arg>${LOGO_IMG}</arg>
<arg>visible</arg>
<arg>timeout=${TIMEOUT}</arg>
<tag>PageContent</tag>
<tag>Wait</tag>
<doc>Waits for the element found by ``selector`` to satisfy state option.</doc>
<status status="PASS" start="2025-05-16T08:13:49.329390" elapsed="0.037002"/>
</kw>
<doc>Opens browser and navigates to employee login page</doc>
<status status="PASS" start="2025-05-16T08:13:46.025174" elapsed="3.341518"/>
</kw>
<kw name="Input Employee Credentials" owner="employee_login_keywords">
<kw name="Fill Text" owner="Browser">
<msg time="2025-05-16T08:13:49.368656" level="INFO">Fills the text 'zeidimohamedtaher13@gmail.com' in the given field.</msg>
<arg>input#email1</arg>
<arg>${email}</arg>
<tag>PageContent</tag>
<tag>Setter</tag>
<doc>Clears and fills the given ``txt`` into the text field found by ``selector``.</doc>
<status status="PASS" start="2025-05-16T08:13:49.368072" elapsed="0.022274"/>
</kw>
<kw name="Fill Text" owner="Browser">
<msg time="2025-05-16T08:13:49.391995" level="INFO">Fills the text 'mohamed' in the given field.</msg>
<arg>input#password1</arg>
<arg>${password}</arg>
<tag>PageContent</tag>
<tag>Setter</tag>
<doc>Clears and fills the given ``txt`` into the text field found by ``selector``.</doc>
<status status="PASS" start="2025-05-16T08:13:49.390819" elapsed="0.032118"/>
</kw>
<arg>${EMPLOYEE_EMAIL}</arg>
<arg>${EMPLOYEE_PASSWORD}</arg>
<doc>Enters employee login credentials</doc>
<status status="PASS" start="2025-05-16T08:13:49.367378" elapsed="0.055863"/>
</kw>
<kw name="Submit Employee Login Form" owner="employee_login_keywords">
<kw name="Click" owner="Browser">
<msg time="2025-05-16T08:13:49.425166" level="INFO">Clicks the element 'button:has-text("Sign In")'.</msg>
<arg>button:has-text("Sign In")</arg>
<tag>PageContent</tag>
<tag>Setter</tag>
<doc>Simulates mouse click on the element found by ``selector``.</doc>
<status status="PASS" start="2025-05-16T08:13:49.424475" elapsed="0.107135"/>
</kw>
<doc>Submits the employee login form</doc>
<status status="PASS" start="2025-05-16T08:13:49.423763" elapsed="0.108176"/>
</kw>
<kw name="Wait For Elements State" owner="Browser">
<msg time="2025-05-16T08:13:49.942767" level="INFO">Waited for Element with selector text="Dashboard" at state visible</msg>
<arg>text="Dashboard"</arg>
<arg>visible</arg>
<arg>timeout=${TIMEOUT}</arg>
<tag>PageContent</tag>
<tag>Wait</tag>
<doc>Waits for the element found by ``selector`` to satisfy state option.</doc>
<status status="PASS" start="2025-05-16T08:13:49.532408" elapsed="0.410798"/>
</kw>
<kw name="Get Url" owner="Browser">
<arg>==</arg>
<arg>${SITE_URL}/app</arg>
<tag>Assertion</tag>
<tag>Getter</tag>
<tag>PageContent</tag>
<doc>Returns the current URL.</doc>
<status status="PASS" start="2025-05-16T08:13:49.943801" elapsed="0.007531"/>
</kw>
<kw name="Close Browser" owner="Browser" type="TEARDOWN">
<msg time="2025-05-16T08:13:50.764253" level="INFO">Closed browser</msg>
<tag>BrowserControl</tag>
<tag>Setter</tag>
<doc>Closes the current browser.</doc>
<status status="PASS" start="2025-05-16T08:13:49.952705" elapsed="0.811826"/>
</kw>
<doc>Tests navigation to dashboard after successful employee login</doc>
<tag>navigation</tag>
<tag>routing</tag>
<status status="PASS" start="2025-05-16T08:13:46.016392" elapsed="4.748435"/>
</test>
<test id="s1-s1-s3-t2" name="Unauthorized Employee Access Prevention" line="17">
<kw name="Open Browser To Employee Login Page" owner="employee_login_keywords" type="SETUP">
<kw name="New Browser" owner="Browser">
<msg time="2025-05-16T08:13:50.783639" level="INFO">{"browser": "chromium", "headless": false, "chromiumSandbox": false, "devtools": false, "handleSIGHUP": true, "handleSIGINT": true, "handleSIGTERM": true, "slowMo": 0.0, "timeout": 30000.0, "tracesDir": "/home/usera/Pfee_final/browser/traces/temp/e7a6d7dd-f435-4b88-b2c0-0ade88be7851"}</msg>
<msg time="2025-05-16T08:13:51.108458" level="INFO">Successfully created browser with options: {"browser":"chromium","headless":false,"chromiumSandbox":false,"devtools":false,"handleSIGHUP":true,"handleSIGINT":true,"handleSIGTERM":true,"slowMo":0,"timeout":30000,"tracesDir":"/home/usera/Pfee_final/browser/traces/temp/e7a6d7dd-f435-4b88-b2c0-0ade88be7851"}</msg>
<arg>browser=${BROWSER}</arg>
<arg>headless=${HEADLESS}</arg>
<tag>BrowserControl</tag>
<tag>Setter</tag>
<doc>Create a new playwright Browser with specified options.</doc>
<status status="PASS" start="2025-05-16T08:13:50.781971" elapsed="0.326859"/>
</kw>
<kw name="New Context" owner="Browser">
<msg time="2025-05-16T08:13:51.111730" level="INFO">{
  "acceptDownloads": true,
  "bypassCSP": false,
  "forcedColors": "none",
  "ignoreHTTPSErrors": false,
  "javaScriptEnabled": true,
  "offline": false,
  "reducedMotion": "no-preference",
  "serviceWorkers": "allow",
  "viewport": {
    "width": 1920,
    "height": 1080
  }
}</msg>
<msg time="2025-05-16T08:13:51.121299" level="INFO">Successfully created context. </msg>
<msg time="2025-05-16T08:13:51.121464" level="INFO">{'acceptDownloads': True, 'bypassCSP': False, 'forcedColors': 'none', 'ignoreHTTPSErrors': False, 'javaScriptEnabled': True, 'offline': False, 'reducedMotion': 'no-preference', 'serviceWorkers': 'allow', 'viewport': {'width': 1920, 'height': 1080}}</msg>
<arg>viewport={'width': 1920, 'height': 1080}</arg>
<tag>BrowserControl</tag>
<tag>Setter</tag>
<doc>Create a new BrowserContext with specified options.</doc>
<status status="PASS" start="2025-05-16T08:13:51.109192" elapsed="0.012443"/>
</kw>
<kw name="New Page" owner="Browser">
<msg time="2025-05-16T08:13:53.762516" level="INFO">Successfully initialized new page object and opened url: http://localhost:5173/EmployeeLogin</msg>
<arg>${EMPLOYEE_LOGIN_URL}</arg>
<tag>BrowserControl</tag>
<tag>Setter</tag>
<doc>Open a new Page.</doc>
<status status="PASS" start="2025-05-16T08:13:51.122079" elapsed="2.640731"/>
</kw>
<kw name="Wait For Elements State" owner="Browser">
<msg time="2025-05-16T08:13:53.800000" level="INFO">Waited for Element with selector img[alt="Logo"] at state visible</msg>
<arg>${LOGO_IMG}</arg>
<arg>visible</arg>
<arg>timeout=${TIMEOUT}</arg>
<tag>PageContent</tag>
<tag>Wait</tag>
<doc>Waits for the element found by ``selector`` to satisfy state option.</doc>
<status status="PASS" start="2025-05-16T08:13:53.763273" elapsed="0.037328"/>
</kw>
<doc>Opens browser and navigates to employee login page</doc>
<status status="PASS" start="2025-05-16T08:13:50.781047" elapsed="3.019974"/>
</kw>
<kw name="New Browser" owner="Browser">
<msg time="2025-05-16T08:13:53.803206" level="INFO">Switching browser to browser=edf5f1ad-e789-4a61-b877-e14083b3e8da</msg>
<msg time="2025-05-16T08:13:53.808635" level="INFO">Successfully changed active browser: browser=edf5f1ad-e789-4a61-b877-e14083b3e8da</msg>
<msg time="2025-05-16T08:13:53.809129" level="INFO">Reusing existing browser with id: browser=edf5f1ad-e789-4a61-b877-e14083b3e8da</msg>
<arg>browser=${BROWSER}</arg>
<arg>headless=${HEADLESS}</arg>
<tag>BrowserControl</tag>
<tag>Setter</tag>
<doc>Create a new playwright Browser with specified options.</doc>
<status status="PASS" start="2025-05-16T08:13:53.801767" elapsed="0.007576"/>
</kw>
<kw name="New Context" owner="Browser">
<msg time="2025-05-16T08:13:53.813309" level="INFO">{
  "acceptDownloads": true,
  "bypassCSP": false,
  "forcedColors": "none",
  "ignoreHTTPSErrors": false,
  "javaScriptEnabled": true,
  "offline": false,
  "reducedMotion": "no-preference",
  "serviceWorkers": "allow",
  "viewport": {
    "width": 1920,
    "height": 1080
  }
}</msg>
<msg time="2025-05-16T08:13:53.831760" level="INFO">Successfully created context. </msg>
<msg time="2025-05-16T08:13:53.831904" level="INFO">{'acceptDownloads': True, 'bypassCSP': False, 'forcedColors': 'none', 'ignoreHTTPSErrors': False, 'javaScriptEnabled': True, 'offline': False, 'reducedMotion': 'no-preference', 'serviceWorkers': 'allow', 'viewport': {'width': 1920, 'height': 1080}}</msg>
<arg>viewport={'width': 1920, 'height': 1080}</arg>
<tag>BrowserControl</tag>
<tag>Setter</tag>
<doc>Create a new BrowserContext with specified options.</doc>
<status status="PASS" start="2025-05-16T08:13:53.809866" elapsed="0.022153"/>
</kw>
<kw name="New Page" owner="Browser">
<msg time="2025-05-16T08:13:56.637126" level="INFO">Successfully initialized new page object and opened url: http://localhost:5173/app</msg>
<arg>${SITE_URL}/app</arg>
<tag>BrowserControl</tag>
<tag>Setter</tag>
<doc>Open a new Page.</doc>
<status status="PASS" start="2025-05-16T08:13:53.832498" elapsed="2.805258"/>
</kw>
<kw name="Get Url" owner="Browser">
<msg time="2025-05-16T08:13:56.644195" level="INFO">${redirected_url} = http://localhost:5173/login</msg>
<var>${redirected_url}</var>
<tag>Assertion</tag>
<tag>Getter</tag>
<tag>PageContent</tag>
<doc>Returns the current URL.</doc>
<status status="PASS" start="2025-05-16T08:13:56.638454" elapsed="0.005981"/>
</kw>
<kw name="Wait Until Keyword Succeeds" owner="BuiltIn">
<kw name="Should Contain" owner="BuiltIn">
<arg>${redirected_url}</arg>
<arg>/login</arg>
<doc>Fails if ``container`` does not contain ``item`` one or more times.</doc>
<status status="PASS" start="2025-05-16T08:13:56.646090" elapsed="0.002096"/>
</kw>
<arg>10s</arg>
<arg>1s</arg>
<arg>Should Contain</arg>
<arg>${redirected_url}</arg>
<arg>/login</arg>
<doc>Runs the specified keyword and retries if it fails.</doc>
<status status="PASS" start="2025-05-16T08:13:56.645268" elapsed="0.003117"/>
</kw>
<kw name="Get Url" owner="Browser">
<msg time="2025-05-16T08:13:56.655168" level="INFO">${final_url} = http://localhost:5173/login</msg>
<var>${final_url}</var>
<tag>Assertion</tag>
<tag>Getter</tag>
<tag>PageContent</tag>
<doc>Returns the current URL.</doc>
<status status="PASS" start="2025-05-16T08:13:56.649322" elapsed="0.006007"/>
</kw>
<kw name="Should Be Equal" owner="BuiltIn">
<arg>${final_url}</arg>
<arg>${SITE_URL}/login</arg>
<doc>Fails if the given objects are unequal.</doc>
<status status="PASS" start="2025-05-16T08:13:56.655924" elapsed="0.000904"/>
</kw>
<kw name="Close Browser" owner="Browser" type="TEARDOWN">
<msg time="2025-05-16T08:13:57.454775" level="INFO">Closed browser</msg>
<tag>BrowserControl</tag>
<tag>Setter</tag>
<doc>Closes the current browser.</doc>
<status status="PASS" start="2025-05-16T08:13:56.657275" elapsed="0.797760"/>
</kw>
<doc>Tests prevention of unauthorized employee dashboard access</doc>
<tag>routing</tag>
<tag>security</tag>
<status status="PASS" start="2025-05-16T08:13:50.775718" elapsed="6.679597"/>
</test>
<test id="s1-s1-s3-t3" name="Direct Login Page Access" line="37">
<kw name="Open Browser To Employee Login Page" owner="employee_login_keywords" type="SETUP">
<kw name="New Browser" owner="Browser">
<msg time="2025-05-16T08:13:57.465532" level="INFO">{"browser": "chromium", "headless": false, "chromiumSandbox": false, "devtools": false, "handleSIGHUP": true, "handleSIGINT": true, "handleSIGTERM": true, "slowMo": 0.0, "timeout": 30000.0, "tracesDir": "/home/usera/Pfee_final/browser/traces/temp/3ecb24bb-2274-4eff-995c-449a6d20e3bb"}</msg>
<msg time="2025-05-16T08:13:57.776203" level="INFO">Successfully created browser with options: {"browser":"chromium","headless":false,"chromiumSandbox":false,"devtools":false,"handleSIGHUP":true,"handleSIGINT":true,"handleSIGTERM":true,"slowMo":0,"timeout":30000,"tracesDir":"/home/usera/Pfee_final/browser/traces/temp/3ecb24bb-2274-4eff-995c-449a6d20e3bb"}</msg>
<arg>browser=${BROWSER}</arg>
<arg>headless=${HEADLESS}</arg>
<tag>BrowserControl</tag>
<tag>Setter</tag>
<doc>Create a new playwright Browser with specified options.</doc>
<status status="PASS" start="2025-05-16T08:13:57.464476" elapsed="0.312180"/>
</kw>
<kw name="New Context" owner="Browser">
<msg time="2025-05-16T08:13:57.779835" level="INFO">{
  "acceptDownloads": true,
  "bypassCSP": false,
  "forcedColors": "none",
  "ignoreHTTPSErrors": false,
  "javaScriptEnabled": true,
  "offline": false,
  "reducedMotion": "no-preference",
  "serviceWorkers": "allow",
  "viewport": {
    "width": 1920,
    "height": 1080
  }
}</msg>
<msg time="2025-05-16T08:13:57.790147" level="INFO">Successfully created context. </msg>
<msg time="2025-05-16T08:13:57.790306" level="INFO">{'acceptDownloads': True, 'bypassCSP': False, 'forcedColors': 'none', 'ignoreHTTPSErrors': False, 'javaScriptEnabled': True, 'offline': False, 'reducedMotion': 'no-preference', 'serviceWorkers': 'allow', 'viewport': {'width': 1920, 'height': 1080}}</msg>
<arg>viewport={'width': 1920, 'height': 1080}</arg>
<tag>BrowserControl</tag>
<tag>Setter</tag>
<doc>Create a new BrowserContext with specified options.</doc>
<status status="PASS" start="2025-05-16T08:13:57.777392" elapsed="0.013032"/>
</kw>
<kw name="New Page" owner="Browser">
<msg time="2025-05-16T08:14:00.601574" level="INFO">Successfully initialized new page object and opened url: http://localhost:5173/EmployeeLogin</msg>
<arg>${EMPLOYEE_LOGIN_URL}</arg>
<tag>BrowserControl</tag>
<tag>Setter</tag>
<doc>Open a new Page.</doc>
<status status="PASS" start="2025-05-16T08:13:57.790708" elapsed="2.811164"/>
</kw>
<kw name="Wait For Elements State" owner="Browser">
<msg time="2025-05-16T08:14:00.639630" level="INFO">Waited for Element with selector img[alt="Logo"] at state visible</msg>
<arg>${LOGO_IMG}</arg>
<arg>visible</arg>
<arg>timeout=${TIMEOUT}</arg>
<tag>PageContent</tag>
<tag>Wait</tag>
<doc>Waits for the element found by ``selector`` to satisfy state option.</doc>
<status status="PASS" start="2025-05-16T08:14:00.602155" elapsed="0.037725"/>
</kw>
<doc>Opens browser and navigates to employee login page</doc>
<status status="PASS" start="2025-05-16T08:13:57.463954" elapsed="3.176119"/>
</kw>
<kw name="New Context" owner="Browser">
<msg time="2025-05-16T08:14:00.643047" level="INFO">{
  "acceptDownloads": true,
  "bypassCSP": false,
  "forcedColors": "none",
  "ignoreHTTPSErrors": false,
  "javaScriptEnabled": true,
  "offline": false,
  "reducedMotion": "no-preference",
  "serviceWorkers": "allow",
  "viewport": {
    "width": 1280,
    "height": 720
  }
}</msg>
<msg time="2025-05-16T08:14:00.657821" level="INFO">Successfully created context. </msg>
<msg time="2025-05-16T08:14:00.658005" level="INFO">{'acceptDownloads': True, 'bypassCSP': False, 'forcedColors': 'none', 'ignoreHTTPSErrors': False, 'javaScriptEnabled': True, 'offline': False, 'reducedMotion': 'no-preference', 'serviceWorkers': 'allow', 'viewport': {'width': 1280, 'height': 720}}</msg>
<tag>BrowserControl</tag>
<tag>Setter</tag>
<doc>Create a new BrowserContext with specified options.</doc>
<status status="PASS" start="2025-05-16T08:14:00.640404" elapsed="0.017768"/>
</kw>
<kw name="New Page" owner="Browser">
<msg time="2025-05-16T08:14:03.081149" level="INFO">Successfully initialized new page object and opened url: http://localhost:5173/EmployeeLogin</msg>
<arg>${SITE_URL}/EmployeeLogin</arg>
<tag>BrowserControl</tag>
<tag>Setter</tag>
<doc>Open a new Page.</doc>
<status status="PASS" start="2025-05-16T08:14:00.658644" elapsed="2.422996"/>
</kw>
<kw name="Wait For Elements State" owner="Browser">
<msg time="2025-05-16T08:14:03.130764" level="INFO">Waited for Element with selector img[alt="Logo"] at state visible</msg>
<arg>img[alt="Logo"]</arg>
<arg>visible</arg>
<arg>timeout=${TIMEOUT}</arg>
<tag>PageContent</tag>
<tag>Wait</tag>
<doc>Waits for the element found by ``selector`` to satisfy state option.</doc>
<status status="PASS" start="2025-05-16T08:14:03.082300" elapsed="0.048968"/>
</kw>
<kw name="Close Browser" owner="Browser" type="TEARDOWN">
<msg time="2025-05-16T08:14:04.698689" level="INFO">Closed browser</msg>
<tag>BrowserControl</tag>
<tag>Setter</tag>
<doc>Closes the current browser.</doc>
<status status="PASS" start="2025-05-16T08:14:03.132069" elapsed="1.566934"/>
</kw>
<doc>Tests direct access to login page</doc>
<tag>access</tag>
<tag>routing</tag>
<status status="PASS" start="2025-05-16T08:13:57.460065" elapsed="7.239203"/>
</test>
<doc>Navigation Test Suite for Employee Login
Tests navigation and routing after employee login</doc>
<status status="PASS" start="2025-05-16T08:13:45.998957" elapsed="18.708615"/>
</suite>
<suite id="s1-s1-s4" name="Employee Login Security" source="/home/usera/Pfee_final/robot-tests/tests/employee_login/employee_login_security.robot">
<test id="s1-s1-s4-t1" name="Password Field Security" line="8">
<kw name="Open Browser To Employee Login Page" owner="employee_login_keywords" type="SETUP">
<kw name="New Browser" owner="Browser">
<msg time="2025-05-16T08:14:04.748068" level="INFO">{"browser": "chromium", "headless": false, "chromiumSandbox": false, "devtools": false, "handleSIGHUP": true, "handleSIGINT": true, "handleSIGTERM": true, "slowMo": 0.0, "timeout": 30000.0, "tracesDir": "/home/usera/Pfee_final/browser/traces/temp/cf1befd8-0f02-451c-a353-aea8373c6765"}</msg>
<msg time="2025-05-16T08:14:05.068828" level="INFO">Successfully created browser with options: {"browser":"chromium","headless":false,"chromiumSandbox":false,"devtools":false,"handleSIGHUP":true,"handleSIGINT":true,"handleSIGTERM":true,"slowMo":0,"timeout":30000,"tracesDir":"/home/usera/Pfee_final/browser/traces/temp/cf1befd8-0f02-451c-a353-aea8373c6765"}</msg>
<arg>browser=${BROWSER}</arg>
<arg>headless=${HEADLESS}</arg>
<tag>BrowserControl</tag>
<tag>Setter</tag>
<doc>Create a new playwright Browser with specified options.</doc>
<status status="PASS" start="2025-05-16T08:14:04.746496" elapsed="0.322770"/>
</kw>
<kw name="New Context" owner="Browser">
<msg time="2025-05-16T08:14:05.073299" level="INFO">{
  "acceptDownloads": true,
  "bypassCSP": false,
  "forcedColors": "none",
  "ignoreHTTPSErrors": false,
  "javaScriptEnabled": true,
  "offline": false,
  "reducedMotion": "no-preference",
  "serviceWorkers": "allow",
  "viewport": {
    "width": 1920,
    "height": 1080
  }
}</msg>
<msg time="2025-05-16T08:14:05.083160" level="INFO">Successfully created context. </msg>
<msg time="2025-05-16T08:14:05.083290" level="INFO">{'acceptDownloads': True, 'bypassCSP': False, 'forcedColors': 'none', 'ignoreHTTPSErrors': False, 'javaScriptEnabled': True, 'offline': False, 'reducedMotion': 'no-preference', 'serviceWorkers': 'allow', 'viewport': {'width': 1920, 'height': 1080}}</msg>
<arg>viewport={'width': 1920, 'height': 1080}</arg>
<tag>BrowserControl</tag>
<tag>Setter</tag>
<doc>Create a new BrowserContext with specified options.</doc>
<status status="PASS" start="2025-05-16T08:14:05.069765" elapsed="0.013633"/>
</kw>
<kw name="New Page" owner="Browser">
<msg time="2025-05-16T08:14:08.213204" level="INFO">Successfully initialized new page object and opened url: http://localhost:5173/EmployeeLogin</msg>
<arg>${EMPLOYEE_LOGIN_URL}</arg>
<tag>BrowserControl</tag>
<tag>Setter</tag>
<doc>Open a new Page.</doc>
<status status="PASS" start="2025-05-16T08:14:05.083671" elapsed="3.130171"/>
</kw>
<kw name="Wait For Elements State" owner="Browser">
<msg time="2025-05-16T08:14:08.249063" level="INFO">Waited for Element with selector img[alt="Logo"] at state visible</msg>
<arg>${LOGO_IMG}</arg>
<arg>visible</arg>
<arg>timeout=${TIMEOUT}</arg>
<tag>PageContent</tag>
<tag>Wait</tag>
<doc>Waits for the element found by ``selector`` to satisfy state option.</doc>
<status status="PASS" start="2025-05-16T08:14:08.214686" elapsed="0.034741"/>
</kw>
<doc>Opens browser and navigates to employee login page</doc>
<status status="PASS" start="2025-05-16T08:14:04.745750" elapsed="3.503952"/>
</kw>
<kw name="Fill Text" owner="Browser">
<msg time="2025-05-16T08:14:08.251295" level="INFO">Fills the text 'mohamed' in the given field.</msg>
<arg>${PASSWORD_INPUT}</arg>
<arg>${EMPLOYEE_PASSWORD}</arg>
<tag>PageContent</tag>
<tag>Setter</tag>
<doc>Clears and fills the given ``txt`` into the text field found by ``selector``.</doc>
<status status="PASS" start="2025-05-16T08:14:08.250252" elapsed="0.021530"/>
</kw>
<kw name="Get Property" owner="Browser">
<msg time="2025-05-16T08:14:08.312266" level="INFO">Property: 'password'</msg>
<arg>${PASSWORD_INPUT}</arg>
<arg>type</arg>
<arg>==</arg>
<arg>password</arg>
<tag>Assertion</tag>
<tag>Getter</tag>
<tag>PageContent</tag>
<doc>Returns the ``property`` of the element found by ``selector``.</doc>
<status status="PASS" start="2025-05-16T08:14:08.272327" elapsed="0.040497"/>
</kw>
<kw name="Close Browser" owner="Browser" type="TEARDOWN">
<msg time="2025-05-16T08:14:08.938416" level="INFO">Closed browser</msg>
<tag>BrowserControl</tag>
<tag>Setter</tag>
<doc>Closes the current browser.</doc>
<status status="PASS" start="2025-05-16T08:14:08.314137" elapsed="0.624657"/>
</kw>
<doc>Tests password field security features</doc>
<tag>password</tag>
<tag>security</tag>
<status status="PASS" start="2025-05-16T08:14:04.737379" elapsed="4.201737"/>
</test>
<test id="s1-s1-s4-t2" name="Session Timeout Test" line="14">
<kw name="Open Browser To Employee Login Page" owner="employee_login_keywords" type="SETUP">
<kw name="New Browser" owner="Browser">
<msg time="2025-05-16T08:14:08.951285" level="INFO">{"browser": "chromium", "headless": false, "chromiumSandbox": false, "devtools": false, "handleSIGHUP": true, "handleSIGINT": true, "handleSIGTERM": true, "slowMo": 0.0, "timeout": 30000.0, "tracesDir": "/home/usera/Pfee_final/browser/traces/temp/ffc72090-3b87-4408-91c5-cf5f829b9c9e"}</msg>
<msg time="2025-05-16T08:14:09.293294" level="INFO">Successfully created browser with options: {"browser":"chromium","headless":false,"chromiumSandbox":false,"devtools":false,"handleSIGHUP":true,"handleSIGINT":true,"handleSIGTERM":true,"slowMo":0,"timeout":30000,"tracesDir":"/home/usera/Pfee_final/browser/traces/temp/ffc72090-3b87-4408-91c5-cf5f829b9c9e"}</msg>
<arg>browser=${BROWSER}</arg>
<arg>headless=${HEADLESS}</arg>
<tag>BrowserControl</tag>
<tag>Setter</tag>
<doc>Create a new playwright Browser with specified options.</doc>
<status status="PASS" start="2025-05-16T08:14:08.949934" elapsed="0.343744"/>
</kw>
<kw name="New Context" owner="Browser">
<msg time="2025-05-16T08:14:09.297098" level="INFO">{
  "acceptDownloads": true,
  "bypassCSP": false,
  "forcedColors": "none",
  "ignoreHTTPSErrors": false,
  "javaScriptEnabled": true,
  "offline": false,
  "reducedMotion": "no-preference",
  "serviceWorkers": "allow",
  "viewport": {
    "width": 1920,
    "height": 1080
  }
}</msg>
<msg time="2025-05-16T08:14:09.307383" level="INFO">Successfully created context. </msg>
<msg time="2025-05-16T08:14:09.307543" level="INFO">{'acceptDownloads': True, 'bypassCSP': False, 'forcedColors': 'none', 'ignoreHTTPSErrors': False, 'javaScriptEnabled': True, 'offline': False, 'reducedMotion': 'no-preference', 'serviceWorkers': 'allow', 'viewport': {'width': 1920, 'height': 1080}}</msg>
<arg>viewport={'width': 1920, 'height': 1080}</arg>
<tag>BrowserControl</tag>
<tag>Setter</tag>
<doc>Create a new BrowserContext with specified options.</doc>
<status status="PASS" start="2025-05-16T08:14:09.294162" elapsed="0.013502"/>
</kw>
<kw name="New Page" owner="Browser">
<msg time="2025-05-16T08:14:12.535655" level="INFO">Successfully initialized new page object and opened url: http://localhost:5173/EmployeeLogin</msg>
<arg>${EMPLOYEE_LOGIN_URL}</arg>
<tag>BrowserControl</tag>
<tag>Setter</tag>
<doc>Open a new Page.</doc>
<status status="PASS" start="2025-05-16T08:14:09.308007" elapsed="3.228019"/>
</kw>
<kw name="Wait For Elements State" owner="Browser">
<msg time="2025-05-16T08:14:12.572267" level="INFO">Waited for Element with selector img[alt="Logo"] at state visible</msg>
<arg>${LOGO_IMG}</arg>
<arg>visible</arg>
<arg>timeout=${TIMEOUT}</arg>
<tag>PageContent</tag>
<tag>Wait</tag>
<doc>Waits for the element found by ``selector`` to satisfy state option.</doc>
<status status="PASS" start="2025-05-16T08:14:12.536346" elapsed="0.036243"/>
</kw>
<doc>Opens browser and navigates to employee login page</doc>
<status status="PASS" start="2025-05-16T08:14:08.949333" elapsed="3.623553"/>
</kw>
<kw name="Input Employee Credentials" owner="employee_login_keywords">
<kw name="Fill Text" owner="Browser">
<msg time="2025-05-16T08:14:12.575325" level="INFO">Fills the text 'zeidimohamedtaher13@gmail.com' in the given field.</msg>
<arg>input#email1</arg>
<arg>${email}</arg>
<tag>PageContent</tag>
<tag>Setter</tag>
<doc>Clears and fills the given ``txt`` into the text field found by ``selector``.</doc>
<status status="PASS" start="2025-05-16T08:14:12.574414" elapsed="0.025036"/>
</kw>
<kw name="Fill Text" owner="Browser">
<msg time="2025-05-16T08:14:12.601234" level="INFO">Fills the text 'mohamed' in the given field.</msg>
<arg>input#password1</arg>
<arg>${password}</arg>
<tag>PageContent</tag>
<tag>Setter</tag>
<doc>Clears and fills the given ``txt`` into the text field found by ``selector``.</doc>
<status status="PASS" start="2025-05-16T08:14:12.599909" elapsed="0.031084"/>
</kw>
<arg>${EMPLOYEE_EMAIL}</arg>
<arg>${EMPLOYEE_PASSWORD}</arg>
<doc>Enters employee login credentials</doc>
<status status="PASS" start="2025-05-16T08:14:12.573432" elapsed="0.058000"/>
</kw>
<kw name="Submit Employee Login Form" owner="employee_login_keywords">
<kw name="Click" owner="Browser">
<msg time="2025-05-16T08:14:12.634755" level="INFO">Clicks the element 'button:has-text("Sign In")'.</msg>
<arg>button:has-text("Sign In")</arg>
<tag>PageContent</tag>
<tag>Setter</tag>
<doc>Simulates mouse click on the element found by ``selector``.</doc>
<status status="PASS" start="2025-05-16T08:14:12.633351" elapsed="0.070635"/>
</kw>
<doc>Submits the employee login form</doc>
<status status="PASS" start="2025-05-16T08:14:12.632080" elapsed="0.072206"/>
</kw>
<kw name="Sleep" owner="BuiltIn">
<msg time="2025-05-16T08:14:14.705508" level="INFO">Slept 2 seconds.</msg>
<arg>2s</arg>
<doc>Pauses the test executed for the given time.</doc>
<status status="PASS" start="2025-05-16T08:14:12.704742" elapsed="2.000973"/>
</kw>
<kw name="Reload" owner="Browser">
<msg time="2025-05-16T08:14:18.196760" level="INFO">Reloaded page with options: {"waitUntil": "load"}</msg>
<tag>BrowserControl</tag>
<tag>Setter</tag>
<doc>Reloads current active page.</doc>
<status status="PASS" start="2025-05-16T08:14:14.706098" elapsed="3.491398"/>
</kw>
<kw name="Get Url" owner="Browser">
<arg>==</arg>
<arg>${SITE_URL}/login</arg>
<tag>Assertion</tag>
<tag>Getter</tag>
<tag>PageContent</tag>
<doc>Returns the current URL.</doc>
<status status="PASS" start="2025-05-16T08:14:18.198052" elapsed="0.004606"/>
</kw>
<kw name="Close Browser" owner="Browser" type="TEARDOWN">
<msg time="2025-05-16T08:14:18.692846" level="INFO">Closed browser</msg>
<tag>BrowserControl</tag>
<tag>Setter</tag>
<doc>Closes the current browser.</doc>
<status status="PASS" start="2025-05-16T08:14:18.203196" elapsed="0.489920"/>
</kw>
<doc>Tests session timeout behavior</doc>
<tag>security</tag>
<tag>session</tag>
<status status="PASS" start="2025-05-16T08:14:08.945257" elapsed="9.748059"/>
</test>
<test id="s1-s1-s4-t3" name="XSS Prevention" line="23">
<kw name="Open Browser To Employee Login Page" owner="employee_login_keywords" type="SETUP">
<kw name="New Browser" owner="Browser">
<msg time="2025-05-16T08:14:18.708920" level="INFO">{"browser": "chromium", "headless": false, "chromiumSandbox": false, "devtools": false, "handleSIGHUP": true, "handleSIGINT": true, "handleSIGTERM": true, "slowMo": 0.0, "timeout": 30000.0, "tracesDir": "/home/usera/Pfee_final/browser/traces/temp/03befba3-471b-455f-ab18-2254a03e0f76"}</msg>
<msg time="2025-05-16T08:14:19.048303" level="INFO">Successfully created browser with options: {"browser":"chromium","headless":false,"chromiumSandbox":false,"devtools":false,"handleSIGHUP":true,"handleSIGINT":true,"handleSIGTERM":true,"slowMo":0,"timeout":30000,"tracesDir":"/home/usera/Pfee_final/browser/traces/temp/03befba3-471b-455f-ab18-2254a03e0f76"}</msg>
<arg>browser=${BROWSER}</arg>
<arg>headless=${HEADLESS}</arg>
<tag>BrowserControl</tag>
<tag>Setter</tag>
<doc>Create a new playwright Browser with specified options.</doc>
<status status="PASS" start="2025-05-16T08:14:18.706633" elapsed="0.342018"/>
</kw>
<kw name="New Context" owner="Browser">
<msg time="2025-05-16T08:14:19.051180" level="INFO">{
  "acceptDownloads": true,
  "bypassCSP": false,
  "forcedColors": "none",
  "ignoreHTTPSErrors": false,
  "javaScriptEnabled": true,
  "offline": false,
  "reducedMotion": "no-preference",
  "serviceWorkers": "allow",
  "viewport": {
    "width": 1920,
    "height": 1080
  }
}</msg>
<msg time="2025-05-16T08:14:19.060017" level="INFO">Successfully created context. </msg>
<msg time="2025-05-16T08:14:19.060177" level="INFO">{'acceptDownloads': True, 'bypassCSP': False, 'forcedColors': 'none', 'ignoreHTTPSErrors': False, 'javaScriptEnabled': True, 'offline': False, 'reducedMotion': 'no-preference', 'serviceWorkers': 'allow', 'viewport': {'width': 1920, 'height': 1080}}</msg>
<arg>viewport={'width': 1920, 'height': 1080}</arg>
<tag>BrowserControl</tag>
<tag>Setter</tag>
<doc>Create a new BrowserContext with specified options.</doc>
<status status="PASS" start="2025-05-16T08:14:19.049099" elapsed="0.011218"/>
</kw>
<kw name="New Page" owner="Browser">
<msg time="2025-05-16T08:14:24.025689" level="INFO">Successfully initialized new page object and opened url: http://localhost:5173/EmployeeLogin</msg>
<arg>${EMPLOYEE_LOGIN_URL}</arg>
<tag>BrowserControl</tag>
<tag>Setter</tag>
<doc>Open a new Page.</doc>
<status status="PASS" start="2025-05-16T08:14:19.060631" elapsed="4.965738"/>
</kw>
<kw name="Wait For Elements State" owner="Browser">
<msg time="2025-05-16T08:14:24.064145" level="INFO">Waited for Element with selector img[alt="Logo"] at state visible</msg>
<arg>${LOGO_IMG}</arg>
<arg>visible</arg>
<arg>timeout=${TIMEOUT}</arg>
<tag>PageContent</tag>
<tag>Wait</tag>
<doc>Waits for the element found by ``selector`` to satisfy state option.</doc>
<status status="PASS" start="2025-05-16T08:14:24.027149" elapsed="0.037245"/>
</kw>
<doc>Opens browser and navigates to employee login page</doc>
<status status="PASS" start="2025-05-16T08:14:18.705584" elapsed="5.359060"/>
</kw>
<kw name="Input Employee Credentials" owner="employee_login_keywords">
<kw name="Fill Text" owner="Browser">
<msg time="2025-05-16T08:14:24.067058" level="INFO">Fills the text '&lt;script&gt;alert('xss')&lt;/script&gt;' in the given field.</msg>
<arg>input#email1</arg>
<arg>${email}</arg>
<tag>PageContent</tag>
<tag>Setter</tag>
<doc>Clears and fills the given ``txt`` into the text field found by ``selector``.</doc>
<status status="PASS" start="2025-05-16T08:14:24.066093" elapsed="0.021103"/>
</kw>
<kw name="Fill Text" owner="Browser">
<msg time="2025-05-16T08:14:24.088664" level="INFO">Fills the text 'mohamed' in the given field.</msg>
<arg>input#password1</arg>
<arg>${password}</arg>
<tag>PageContent</tag>
<tag>Setter</tag>
<doc>Clears and fills the given ``txt`` into the text field found by ``selector``.</doc>
<status status="PASS" start="2025-05-16T08:14:24.087693" elapsed="0.026721"/>
</kw>
<arg>&lt;script&gt;alert('xss')&lt;/script&gt;</arg>
<arg>${EMPLOYEE_PASSWORD}</arg>
<doc>Enters employee login credentials</doc>
<status status="PASS" start="2025-05-16T08:14:24.065172" elapsed="0.049785"/>
</kw>
<kw name="Submit Employee Login Form" owner="employee_login_keywords">
<kw name="Click" owner="Browser">
<msg time="2025-05-16T08:14:24.118017" level="INFO">Clicks the element 'button:has-text("Sign In")'.</msg>
<arg>button:has-text("Sign In")</arg>
<tag>PageContent</tag>
<tag>Setter</tag>
<doc>Simulates mouse click on the element found by ``selector``.</doc>
<status status="PASS" start="2025-05-16T08:14:24.116463" elapsed="0.064457"/>
</kw>
<doc>Submits the employee login form</doc>
<status status="PASS" start="2025-05-16T08:14:24.115528" elapsed="0.067877"/>
</kw>
<kw name="Wait For Employee Error Message" owner="employee_login_keywords">
<kw name="Wait For Elements State" owner="Browser">
<msg time="2025-05-16T08:14:24.224951" level="INFO">Waited for Element with selector .text-red-500 at state visible</msg>
<arg>.text-red-500</arg>
<arg>visible</arg>
<arg>timeout=${TIMEOUT}</arg>
<tag>PageContent</tag>
<tag>Wait</tag>
<doc>Waits for the element found by ``selector`` to satisfy state option.</doc>
<status status="PASS" start="2025-05-16T08:14:24.186614" elapsed="0.038692"/>
</kw>
<arg>Login failed. Please try again.</arg>
<doc>Waits for error message to appear</doc>
<status status="PASS" start="2025-05-16T08:14:24.184732" elapsed="0.040824"/>
</kw>
<kw name="Close Browser" owner="Browser" type="TEARDOWN">
<msg time="2025-05-16T08:14:24.775661" level="INFO">Closed browser</msg>
<tag>BrowserControl</tag>
<tag>Setter</tag>
<doc>Closes the current browser.</doc>
<status status="PASS" start="2025-05-16T08:14:24.226111" elapsed="0.549881"/>
</kw>
<doc>Tests XSS prevention in login fields</doc>
<tag>security</tag>
<tag>xss</tag>
<status status="PASS" start="2025-05-16T08:14:18.699954" elapsed="6.076292"/>
</test>
<doc>Security Test Suite for Employee Login</doc>
<status status="PASS" start="2025-05-16T08:14:04.719662" elapsed="20.063795"/>
</suite>
<suite id="s1-s1-s5" name="Employee Login Ui" source="/home/usera/Pfee_final/robot-tests/tests/employee_login/employee_login_ui.robot">
<test id="s1-s1-s5-t1" name="Verify All UI Elements Present" line="8">
<kw name="Open Browser To Employee Login Page" owner="employee_login_keywords" type="SETUP">
<kw name="New Browser" owner="Browser">
<msg time="2025-05-16T08:14:24.815731" level="INFO">{"browser": "chromium", "headless": false, "chromiumSandbox": false, "devtools": false, "handleSIGHUP": true, "handleSIGINT": true, "handleSIGTERM": true, "slowMo": 0.0, "timeout": 30000.0, "tracesDir": "/home/usera/Pfee_final/browser/traces/temp/b9aab07f-af43-4f1d-a894-c3d0c07b7dd9"}</msg>
<msg time="2025-05-16T08:14:25.163162" level="INFO">Successfully created browser with options: {"browser":"chromium","headless":false,"chromiumSandbox":false,"devtools":false,"handleSIGHUP":true,"handleSIGINT":true,"handleSIGTERM":true,"slowMo":0,"timeout":30000,"tracesDir":"/home/usera/Pfee_final/browser/traces/temp/b9aab07f-af43-4f1d-a894-c3d0c07b7dd9"}</msg>
<arg>browser=${BROWSER}</arg>
<arg>headless=${HEADLESS}</arg>
<tag>BrowserControl</tag>
<tag>Setter</tag>
<doc>Create a new playwright Browser with specified options.</doc>
<status status="PASS" start="2025-05-16T08:14:24.814261" elapsed="0.349280"/>
</kw>
<kw name="New Context" owner="Browser">
<msg time="2025-05-16T08:14:25.166354" level="INFO">{
  "acceptDownloads": true,
  "bypassCSP": false,
  "forcedColors": "none",
  "ignoreHTTPSErrors": false,
  "javaScriptEnabled": true,
  "offline": false,
  "reducedMotion": "no-preference",
  "serviceWorkers": "allow",
  "viewport": {
    "width": 1920,
    "height": 1080
  }
}</msg>
<msg time="2025-05-16T08:14:25.174953" level="INFO">Successfully created context. </msg>
<msg time="2025-05-16T08:14:25.175083" level="INFO">{'acceptDownloads': True, 'bypassCSP': False, 'forcedColors': 'none', 'ignoreHTTPSErrors': False, 'javaScriptEnabled': True, 'offline': False, 'reducedMotion': 'no-preference', 'serviceWorkers': 'allow', 'viewport': {'width': 1920, 'height': 1080}}</msg>
<arg>viewport={'width': 1920, 'height': 1080}</arg>
<tag>BrowserControl</tag>
<tag>Setter</tag>
<doc>Create a new BrowserContext with specified options.</doc>
<status status="PASS" start="2025-05-16T08:14:25.163955" elapsed="0.011239"/>
</kw>
<kw name="New Page" owner="Browser">
<msg time="2025-05-16T08:14:27.973938" level="INFO">Successfully initialized new page object and opened url: http://localhost:5173/EmployeeLogin</msg>
<arg>${EMPLOYEE_LOGIN_URL}</arg>
<tag>BrowserControl</tag>
<tag>Setter</tag>
<doc>Open a new Page.</doc>
<status status="PASS" start="2025-05-16T08:14:25.175533" elapsed="2.798703"/>
</kw>
<kw name="Wait For Elements State" owner="Browser">
<msg time="2025-05-16T08:14:28.008772" level="INFO">Waited for Element with selector img[alt="Logo"] at state visible</msg>
<arg>${LOGO_IMG}</arg>
<arg>visible</arg>
<arg>timeout=${TIMEOUT}</arg>
<tag>PageContent</tag>
<tag>Wait</tag>
<doc>Waits for the element found by ``selector`` to satisfy state option.</doc>
<status status="PASS" start="2025-05-16T08:14:27.974538" elapsed="0.034587"/>
</kw>
<doc>Opens browser and navigates to employee login page</doc>
<status status="PASS" start="2025-05-16T08:14:24.813485" elapsed="3.195906"/>
</kw>
<kw name="Verify Employee Page Elements" owner="employee_login_keywords">
<kw name="Wait For Elements State" owner="Browser">
<msg time="2025-05-16T08:14:28.023430" level="INFO">Waited for Element with selector img[alt="Logo"] at state visible</msg>
<arg>img[alt="Logo"]</arg>
<arg>visible</arg>
<arg>timeout=${TIMEOUT}</arg>
<tag>PageContent</tag>
<tag>Wait</tag>
<doc>Waits for the element found by ``selector`` to satisfy state option.</doc>
[...]
<kw name="Fill Text" owner="Browser">
<msg time="2025-05-16T08:17:01.049335" level="INFO">Fills the text 'onssbenamara3@gmail.com' in the given field.</msg>
<arg>input#email1</arg>
<arg>${VALID_EMAIL}</arg>
<tag>PageContent</tag>
<tag>Setter</tag>
<doc>Clears and fills the given ``txt`` into the text field found by ``selector``.</doc>
<status status="PASS" start="2025-05-16T08:17:01.048355" elapsed="0.023283"/>
</kw>
<kw name="Fill Text" owner="Browser">
<msg time="2025-05-16T08:17:01.075377" level="INFO">Fills the text 'short' in the given field.</msg>
<arg>.p-password input</arg>
<arg>short</arg>
<tag>PageContent</tag>
<tag>Setter</tag>
<doc>Clears and fills the given ``txt`` into the text field found by ``selector``.</doc>
<status status="PASS" start="2025-05-16T08:17:01.073055" elapsed="0.045408"/>
</kw>
<kw name="Click" owner="Browser">
<msg time="2025-05-16T08:17:01.120711" level="INFO">Clicks the element '"Sign In"'.</msg>
<arg>"Sign In"</arg>
<tag>PageContent</tag>
<tag>Setter</tag>
<doc>Simulates mouse click on the element found by ``selector``.</doc>
<status status="PASS" start="2025-05-16T08:17:01.119387" elapsed="0.116568"/>
</kw>
<kw name="Wait For Elements State" owner="Browser">
<msg time="2025-05-16T08:17:01.346181" level="INFO">Waited for Element with selector .text-red-500 at state visible</msg>
<arg>.text-red-500</arg>
<arg>visible</arg>
<tag>PageContent</tag>
<tag>Wait</tag>
<doc>Waits for the element found by ``selector`` to satisfy state option.</doc>
<status status="PASS" start="2025-05-16T08:17:01.237261" elapsed="0.109209"/>
</kw>
<kw name="Close Browser" owner="Browser" type="TEARDOWN">
<msg time="2025-05-16T08:17:02.001317" level="INFO">Closed browser</msg>
<tag>BrowserControl</tag>
<tag>Setter</tag>
<doc>Closes the current browser.</doc>
<status status="PASS" start="2025-05-16T08:17:01.347254" elapsed="0.654348"/>
</kw>
<doc>Tests password field validation</doc>
<tag>password</tag>
<tag>validation</tag>
<status status="PASS" start="2025-05-16T08:16:54.575580" elapsed="7.426243"/>
</test>
<test id="s1-s2-s6-t6" name="XSS Prevention Test" line="57">
<kw name="Open Browser To Login Page" owner="common" type="SETUP">
<kw name="New Browser" owner="Browser">
<msg time="2025-05-16T08:17:02.015056" level="INFO">{"browser": "chromium", "headless": false, "chromiumSandbox": false, "devtools": false, "handleSIGHUP": true, "handleSIGINT": true, "handleSIGTERM": true, "slowMo": 0.0, "timeout": 30000.0, "tracesDir": "/home/usera/Pfee_final/browser/traces/temp/03ec0c61-fc1b-406d-8022-530a636ad977"}</msg>
<msg time="2025-05-16T08:17:02.401603" level="INFO">Successfully created browser with options: {"browser":"chromium","headless":false,"chromiumSandbox":false,"devtools":false,"handleSIGHUP":true,"handleSIGINT":true,"handleSIGTERM":true,"slowMo":0,"timeout":30000,"tracesDir":"/home/usera/Pfee_final/browser/traces/temp/03ec0c61-fc1b-406d-8022-530a636ad977"}</msg>
<arg>browser=${BROWSER}</arg>
<arg>headless=${HEADLESS}</arg>
<tag>BrowserControl</tag>
<tag>Setter</tag>
<doc>Create a new playwright Browser with specified options.</doc>
<status status="PASS" start="2025-05-16T08:17:02.014022" elapsed="0.387900"/>
</kw>
<kw name="New Context" owner="Browser">
<msg time="2025-05-16T08:17:02.404782" level="INFO">{
  "acceptDownloads": true,
  "bypassCSP": false,
  "forcedColors": "none",
  "ignoreHTTPSErrors": false,
  "javaScriptEnabled": true,
  "offline": false,
  "reducedMotion": "no-preference",
  "serviceWorkers": "allow",
  "viewport": {
    "width": 1920,
    "height": 1080
  }
}</msg>
<msg time="2025-05-16T08:17:02.414790" level="INFO">Successfully created context. </msg>
<msg time="2025-05-16T08:17:02.414974" level="INFO">{'acceptDownloads': True, 'bypassCSP': False, 'forcedColors': 'none', 'ignoreHTTPSErrors': False, 'javaScriptEnabled': True, 'offline': False, 'reducedMotion': 'no-preference', 'serviceWorkers': 'allow', 'viewport': {'width': 1920, 'height': 1080}}</msg>
<arg>viewport={'width': 1920, 'height': 1080}</arg>
<tag>BrowserControl</tag>
<tag>Setter</tag>
<doc>Create a new BrowserContext with specified options.</doc>
<status status="PASS" start="2025-05-16T08:17:02.402388" elapsed="0.012741"/>
</kw>
<kw name="New Page" owner="Browser">
<msg time="2025-05-16T08:17:05.717010" level="INFO">Successfully initialized new page object and opened url: http://localhost:5173</msg>
<arg>${SITE_URL}</arg>
<tag>BrowserControl</tag>
<tag>Setter</tag>
<doc>Open a new Page.</doc>
<status status="PASS" start="2025-05-16T08:17:02.415540" elapsed="3.301785"/>
</kw>
<kw name="Wait For Elements State" owner="Browser">
<msg time="2025-05-16T08:17:05.759524" level="INFO">Waited for Element with selector img[alt="Logo"] at state visible</msg>
<arg>${LOGO_IMG}</arg>
<arg>visible</arg>
<arg>timeout=${TIMEOUT}</arg>
<tag>PageContent</tag>
<tag>Wait</tag>
<doc>Waits for the element found by ``selector`` to satisfy state option.</doc>
<status status="PASS" start="2025-05-16T08:17:05.717733" elapsed="0.042543"/>
</kw>
<doc>Opens browser and navigates to the login page</doc>
<status status="PASS" start="2025-05-16T08:17:02.013313" elapsed="3.747431"/>
</kw>
<kw name="Fill Text" owner="Browser">
<msg time="2025-05-16T08:17:05.762729" level="INFO">Fills the text '&lt;script&gt;alert('xss')&lt;/script&gt;' in the given field.</msg>
<arg>input#email1</arg>
<arg>&lt;script&gt;alert('xss')&lt;/script&gt;</arg>
<tag>PageContent</tag>
<tag>Setter</tag>
<doc>Clears and fills the given ``txt`` into the text field found by ``selector``.</doc>
<status status="PASS" start="2025-05-16T08:17:05.761271" elapsed="0.028439"/>
</kw>
<kw name="Fill Text" owner="Browser">
<msg time="2025-05-16T08:17:05.791771" level="INFO">Fills the text 'ons123' in the given field.</msg>
<arg>.p-password input</arg>
<arg>${VALID_PASSWORD}</arg>
<tag>PageContent</tag>
<tag>Setter</tag>
<doc>Clears and fills the given ``txt`` into the text field found by ``selector``.</doc>
<status status="PASS" start="2025-05-16T08:17:05.790256" elapsed="0.032252"/>
</kw>
<kw name="Click" owner="Browser">
<msg time="2025-05-16T08:17:05.824841" level="INFO">Clicks the element 'button.w-full'.</msg>
<arg>button.w-full</arg>
<tag>PageContent</tag>
<tag>Setter</tag>
<doc>Simulates mouse click on the element found by ``selector``.</doc>
<status status="PASS" start="2025-05-16T08:17:05.823263" elapsed="0.182009"/>
</kw>
<kw name="Wait For Elements State" owner="Browser">
<msg time="2025-05-16T08:17:06.022248" level="INFO">Waited for Element with selector .text-red-500 at state visible</msg>
<arg>.text-red-500</arg>
<arg>visible</arg>
<tag>PageContent</tag>
<tag>Wait</tag>
<doc>Waits for the element found by ``selector`` to satisfy state option.</doc>
<status status="PASS" start="2025-05-16T08:17:06.005839" elapsed="0.016695"/>
</kw>
<kw name="Close Browser" owner="Browser" type="TEARDOWN">
<msg time="2025-05-16T08:17:06.534156" level="INFO">Closed browser</msg>
<tag>BrowserControl</tag>
<tag>Setter</tag>
<doc>Closes the current browser.</doc>
<status status="PASS" start="2025-05-16T08:17:06.023259" elapsed="0.511309"/>
</kw>
<doc>Tests XSS prevention in input fields</doc>
<status status="PASS" start="2025-05-16T08:17:02.009554" elapsed="4.525395"/>
</test>
<test id="s1-s2-s6-t7" name="SQL Injection Prevention Test" line="64">
<kw name="Open Browser To Login Page" owner="common" type="SETUP">
<kw name="New Browser" owner="Browser">
<msg time="2025-05-16T08:17:06.550364" level="INFO">{"browser": "chromium", "headless": false, "chromiumSandbox": false, "devtools": false, "handleSIGHUP": true, "handleSIGINT": true, "handleSIGTERM": true, "slowMo": 0.0, "timeout": 30000.0, "tracesDir": "/home/usera/Pfee_final/browser/traces/temp/e73efce8-f0f2-402c-a0f2-f790813e9ff7"}</msg>
<msg time="2025-05-16T08:17:06.885744" level="INFO">Successfully created browser with options: {"browser":"chromium","headless":false,"chromiumSandbox":false,"devtools":false,"handleSIGHUP":true,"handleSIGINT":true,"handleSIGTERM":true,"slowMo":0,"timeout":30000,"tracesDir":"/home/usera/Pfee_final/browser/traces/temp/e73efce8-f0f2-402c-a0f2-f790813e9ff7"}</msg>
<arg>browser=${BROWSER}</arg>
<arg>headless=${HEADLESS}</arg>
<tag>BrowserControl</tag>
<tag>Setter</tag>
<doc>Create a new playwright Browser with specified options.</doc>
<status status="PASS" start="2025-05-16T08:17:06.548692" elapsed="0.337445"/>
</kw>
<kw name="New Context" owner="Browser">
<msg time="2025-05-16T08:17:06.889857" level="INFO">{
  "acceptDownloads": true,
  "bypassCSP": false,
  "forcedColors": "none",
  "ignoreHTTPSErrors": false,
  "javaScriptEnabled": true,
  "offline": false,
  "reducedMotion": "no-preference",
  "serviceWorkers": "allow",
  "viewport": {
    "width": 1920,
    "height": 1080
  }
}</msg>
<msg time="2025-05-16T08:17:06.900559" level="INFO">Successfully created context. </msg>
<msg time="2025-05-16T08:17:06.900726" level="INFO">{'acceptDownloads': True, 'bypassCSP': False, 'forcedColors': 'none', 'ignoreHTTPSErrors': False, 'javaScriptEnabled': True, 'offline': False, 'reducedMotion': 'no-preference', 'serviceWorkers': 'allow', 'viewport': {'width': 1920, 'height': 1080}}</msg>
<arg>viewport={'width': 1920, 'height': 1080}</arg>
<tag>BrowserControl</tag>
<tag>Setter</tag>
<doc>Create a new BrowserContext with specified options.</doc>
<status status="PASS" start="2025-05-16T08:17:06.886575" elapsed="0.014333"/>
</kw>
<kw name="New Page" owner="Browser">
<msg time="2025-05-16T08:17:10.086912" level="INFO">Successfully initialized new page object and opened url: http://localhost:5173</msg>
<arg>${SITE_URL}</arg>
<tag>BrowserControl</tag>
<tag>Setter</tag>
<doc>Open a new Page.</doc>
<status status="PASS" start="2025-05-16T08:17:06.901309" elapsed="3.185940"/>
</kw>
<kw name="Wait For Elements State" owner="Browser">
<msg time="2025-05-16T08:17:10.121889" level="INFO">Waited for Element with selector img[alt="Logo"] at state visible</msg>
<arg>${LOGO_IMG}</arg>
<arg>visible</arg>
<arg>timeout=${TIMEOUT}</arg>
<tag>PageContent</tag>
<tag>Wait</tag>
<doc>Waits for the element found by ``selector`` to satisfy state option.</doc>
<status status="PASS" start="2025-05-16T08:17:10.087572" elapsed="0.034561"/>
</kw>
<doc>Opens browser and navigates to the login page</doc>
<status status="PASS" start="2025-05-16T08:17:06.548127" elapsed="3.574187"/>
</kw>
<kw name="Create List" owner="BuiltIn">
<msg time="2025-05-16T08:17:10.123051" level="INFO">@{sql_injections} = [ ' OR '1'='1 | ' OR 1=1;-- | '; DROP TABLE Administrateur;-- ]</msg>
<var>@{sql_injections}</var>
<arg>' OR '1'='1</arg>
<arg>' OR 1=1;--</arg>
<arg>'; DROP TABLE Administrateur;--</arg>
<doc>Returns a list containing given items.</doc>
<status status="PASS" start="2025-05-16T08:17:10.122606" elapsed="0.000486"/>
</kw>
<for flavor="IN">
<iter>
<kw name="Fill Text" owner="Browser">
<msg time="2025-05-16T08:17:10.124200" level="INFO">Fills the text '' OR '1'='1' in the given field.</msg>
<arg>input#email1</arg>
<arg>${injection}</arg>
<tag>PageContent</tag>
<tag>Setter</tag>
<doc>Clears and fills the given ``txt`` into the text field found by ``selector``.</doc>
<status status="PASS" start="2025-05-16T08:17:10.123642" elapsed="0.023938"/>
</kw>
<kw name="Fill Text" owner="Browser">
<msg time="2025-05-16T08:17:10.149498" level="INFO">Fills the text 'ons123' in the given field.</msg>
<arg>.p-password input</arg>
<arg>${VALID_PASSWORD}</arg>
<tag>PageContent</tag>
<tag>Setter</tag>
<doc>Clears and fills the given ``txt`` into the text field found by ``selector``.</doc>
<status status="PASS" start="2025-05-16T08:17:10.148192" elapsed="0.039349"/>
</kw>
<kw name="Click" owner="Browser">
<msg time="2025-05-16T08:17:10.188835" level="INFO">Clicks the element 'button.w-full'.</msg>
<arg>button.w-full</arg>
<tag>PageContent</tag>
<tag>Setter</tag>
<doc>Simulates mouse click on the element found by ``selector``.</doc>
<status status="PASS" start="2025-05-16T08:17:10.187920" elapsed="0.079394"/>
</kw>
<kw name="Wait For Elements State" owner="Browser">
<msg time="2025-05-16T08:17:10.282599" level="INFO">Waited for Element with selector .text-red-500 at state visible</msg>
<arg>.text-red-500</arg>
<arg>visible</arg>
<tag>PageContent</tag>
<tag>Wait</tag>
<doc>Waits for the element found by ``selector`` to satisfy state option.</doc>
<status status="PASS" start="2025-05-16T08:17:10.268084" elapsed="0.014883"/>
</kw>
<var name="${injection}">' OR '1'='1</var>
<status status="PASS" start="2025-05-16T08:17:10.123476" elapsed="0.159679"/>
</iter>
<iter>
<kw name="Fill Text" owner="Browser">
<msg time="2025-05-16T08:17:10.284982" level="INFO">Fills the text '' OR 1=1;--' in the given field.</msg>
<arg>input#email1</arg>
<arg>${injection}</arg>
<tag>PageContent</tag>
<tag>Setter</tag>
<doc>Clears and fills the given ``txt`` into the text field found by ``selector``.</doc>
<status status="PASS" start="2025-05-16T08:17:10.283945" elapsed="0.015687"/>
</kw>
<kw name="Fill Text" owner="Browser">
<msg time="2025-05-16T08:17:10.301374" level="INFO">Fills the text 'ons123' in the given field.</msg>
<arg>.p-password input</arg>
<arg>${VALID_PASSWORD}</arg>
<tag>PageContent</tag>
<tag>Setter</tag>
<doc>Clears and fills the given ``txt`` into the text field found by ``selector``.</doc>
<status status="PASS" start="2025-05-16T08:17:10.300002" elapsed="0.019458"/>
</kw>
<kw name="Click" owner="Browser">
<msg time="2025-05-16T08:17:10.320705" level="INFO">Clicks the element 'button.w-full'.</msg>
<arg>button.w-full</arg>
<tag>PageContent</tag>
<tag>Setter</tag>
<doc>Simulates mouse click on the element found by ``selector``.</doc>
<status status="PASS" start="2025-05-16T08:17:10.319807" elapsed="0.055925"/>
</kw>
<kw name="Wait For Elements State" owner="Browser">
<msg time="2025-05-16T08:17:10.390175" level="INFO">Waited for Element with selector .text-red-500 at state visible</msg>
<arg>.text-red-500</arg>
<arg>visible</arg>
<tag>PageContent</tag>
<tag>Wait</tag>
<doc>Waits for the element found by ``selector`` to satisfy state option.</doc>
<status status="PASS" start="2025-05-16T08:17:10.376150" elapsed="0.014273"/>
</kw>
<var name="${injection}">' OR 1=1;--</var>
<status status="PASS" start="2025-05-16T08:17:10.283500" elapsed="0.107054"/>
</iter>
<iter>
<kw name="Fill Text" owner="Browser">
<msg time="2025-05-16T08:17:10.392299" level="INFO">Fills the text ''; DROP TABLE Administrateur;--' in the given field.</msg>
<arg>input#email1</arg>
<arg>${injection}</arg>
<tag>PageContent</tag>
<tag>Setter</tag>
<doc>Clears and fills the given ``txt`` into the text field found by ``selector``.</doc>
<status status="PASS" start="2025-05-16T08:17:10.391346" elapsed="0.015595"/>
</kw>
<kw name="Fill Text" owner="Browser">
<msg time="2025-05-16T08:17:10.408107" level="INFO">Fills the text 'ons123' in the given field.</msg>
<arg>.p-password input</arg>
<arg>${VALID_PASSWORD}</arg>
<tag>PageContent</tag>
<tag>Setter</tag>
<doc>Clears and fills the given ``txt`` into the text field found by ``selector``.</doc>
<status status="PASS" start="2025-05-16T08:17:10.407256" elapsed="0.025663"/>
</kw>
<kw name="Click" owner="Browser">
<msg time="2025-05-16T08:17:10.433990" level="INFO">Clicks the element 'button.w-full'.</msg>
<arg>button.w-full</arg>
<tag>PageContent</tag>
<tag>Setter</tag>
<doc>Simulates mouse click on the element found by ``selector``.</doc>
<status status="PASS" start="2025-05-16T08:17:10.433330" elapsed="0.039924"/>
</kw>
<kw name="Wait For Elements State" owner="Browser">
<msg time="2025-05-16T08:17:10.482594" level="INFO">Waited for Element with selector .text-red-500 at state visible</msg>
<arg>.text-red-500</arg>
<arg>visible</arg>
<tag>PageContent</tag>
<tag>Wait</tag>
<doc>Waits for the element found by ``selector`` to satisfy state option.</doc>
<status status="PASS" start="2025-05-16T08:17:10.473569" elapsed="0.009491"/>
</kw>
<var name="${injection}">'; DROP TABLE Administrateur;--</var>
<status status="PASS" start="2025-05-16T08:17:10.390923" elapsed="0.092292"/>
</iter>
<var>${injection}</var>
<value>@{sql_injections}</value>
<status status="PASS" start="2025-05-16T08:17:10.123225" elapsed="0.360076"/>
</for>
<kw name="Close Browser" owner="Browser" type="TEARDOWN">
<msg time="2025-05-16T08:17:11.841458" level="INFO">Closed browser</msg>
<tag>BrowserControl</tag>
<tag>Setter</tag>
<doc>Closes the current browser.</doc>
<status status="PASS" start="2025-05-16T08:17:10.483745" elapsed="1.357963"/>
</kw>
<doc>Tests SQL injection prevention</doc>
<status status="PASS" start="2025-05-16T08:17:06.543335" elapsed="5.298594"/>
</test>
<doc>Form Validation Test Suite
Tests input validation and error handling</doc>
<status status="PASS" start="2025-05-16T08:16:33.617402" elapsed="38.231996"/>
</suite>
<status status="PASS" start="2025-05-16T08:15:11.123693" elapsed="120.735097"/>
</suite>
<status status="PASS" start="2025-05-16T08:13:09.685051" elapsed="242.175163"/>
</suite>
<statistics>
<total>
<stat pass="45" fail="0" skip="0">All Tests</stat>
</total>
<tag>
<stat pass="1" fail="0" skip="0">access</stat>
<stat pass="2" fail="0" skip="0">accessibility</stat>
<stat pass="2" fail="0" skip="0">aria</stat>
<stat pass="9" fail="0" skip="0">authentication</stat>
<stat pass="2" fail="0" skip="0">checkbox</stat>
<stat pass="2" fail="0" skip="0">critical</stat>
<stat pass="1" fail="0" skip="0">csrf</stat>
<stat pass="5" fail="0" skip="0">email</stat>
<stat pass="1" fail="0" skip="0">error</stat>
<stat pass="2" fail="0" skip="0">form</stat>
<stat pass="1" fail="0" skip="0">format</stat>
<stat pass="1" fail="0" skip="0">inputs</stat>
<stat pass="2" fail="0" skip="0">navigation</stat>
<stat pass="6" fail="0" skip="0">negative</stat>
<stat pass="5" fail="0" skip="0">password</stat>
<stat pass="1" fail="0" skip="0">password-strength</stat>
<stat pass="1" fail="0" skip="0">rate-limit</stat>
<stat pass="3" fail="0" skip="0">remember-me</stat>
<stat pass="2" fail="0" skip="0">required</stat>
<stat pass="5" fail="0" skip="0">routing</stat>
<stat pass="13" fail="0" skip="0">security</stat>
<stat pass="1" fail="0" skip="0">session</stat>
<stat pass="4" fail="0" skip="0">smoke</stat>
<stat pass="9" fail="0" skip="0">ui</stat>
<stat pass="10" fail="0" skip="0">validation</stat>
<stat pass="1" fail="0" skip="0">xss</stat>
</tag>
<suite>
<stat name="Tests" id="s1" pass="45" fail="0" skip="0">Tests</stat>
<stat name="Employee Login" id="s1-s1" pass="22" fail="0" skip="0">Tests.Employee Login</stat>
<stat name="Employee Login Accessibility" id="s1-s1-s1" pass="1" fail="0" skip="0">Tests.Employee Login.Employee Login Accessibility</stat>
<stat name="Employee Login Authentication" id="s1-s1-s2" pass="5" fail="0" skip="0">Tests.Employee Login.Employee Login Authentication</stat>
<stat name="Employee Login Routing" id="s1-s1-s3" pass="3" fail="0" skip="0">Tests.Employee Login.Employee Login Routing</stat>
<stat name="Employee Login Security" id="s1-s1-s4" pass="3" fail="0" skip="0">Tests.Employee Login.Employee Login Security</stat>
<stat name="Employee Login Ui" id="s1-s1-s5" pass="5" fail="0" skip="0">Tests.Employee Login.Employee Login Ui</stat>
<stat name="Employee Login Validation" id="s1-s1-s6" pass="5" fail="0" skip="0">Tests.Employee Login.Employee Login Validation</stat>
<stat name="Login" id="s1-s2" pass="23" fail="0" skip="0">Tests.Login</stat>
<stat name="Login Accessibility" id="s1-s2-s1" pass="1" fail="0" skip="0">Tests.Login.Login Accessibility</stat>
<stat name="Login Authentication" id="s1-s2-s2" pass="4" fail="0" skip="0">Tests.Login.Login Authentication</stat>
<stat name="Login Routing" id="s1-s2-s3" pass="2" fail="0" skip="0">Tests.Login.Login Routing</stat>
<stat name="Login Security" id="s1-s2-s4" pass="5" fail="0" skip="0">Tests.Login.Login Security</stat>
<stat name="Login Ui" id="s1-s2-s5" pass="4" fail="0" skip="0">Tests.Login.Login Ui</stat>
<stat name="Login Validation" id="s1-s2-s6" pass="7" fail="0" skip="0">Tests.Login.Login Validation</stat>
</suite>
</statistics>
<errors>
</errors>
</robot>
