<?xml version="1.0" encoding="UTF-8"?>
<robot generator="Robot 7.2.2 (Python 3.10.12 on linux)" generated="2025-05-16T08:09:34.738246" rpa="false" schemaversion="5">
<suite id="s1" name="Employee Login" source="/home/usera/Pfee_final/robot-tests/tests/employee_login">
<suite id="s1-s1" name="Employee Login Accessibility" source="/home/usera/Pfee_final/robot-tests/tests/employee_login/employee_login_accessibility.robot">
<test id="s1-s1-t1" name="Verify ARIA Labels" line="8">
<kw name="Open Browser To Employee Login Page" owner="employee_login_keywords" type="SETUP">
<kw name="New Browser" owner="Browser">
<msg time="2025-05-16T08:09:35.590417" level="INFO">{"browser": "chromium", "headless": false, "chromiumSandbox": false, "devtools": false, "handleSIGHUP": true, "handleSIGINT": true, "handleSIGTERM": true, "slowMo": 0.0, "timeout": 30000.0, "tracesDir": "/home/usera/Pfee_final/results/browser/traces/temp/1853ae02-da9a-4515-a0b4-57fd2179af6b"}</msg>
<msg time="2025-05-16T08:09:35.597756" level="INFO">Starting Browser process /home/usera/.local/lib/python3.10/site-packages/Browser/wrapper/index.js using at 127.0.0.1:56111</msg>
<arg>browser=${BROWSER}</arg>
<arg>headless=${HEADLESS}</arg>
<tag>BrowserControl</tag>
<tag>Setter</tag>
<doc>Create a new playwright Browser with specified options.</doc>
<status status="FAIL" start="2025-05-16T08:09:35.588540" elapsed="1.760518">Execution terminated by signal</status>
</kw>
<kw name="New Context" owner="Browser">
<arg>viewport={'width': 1920, 'height': 1080}</arg>
<tag>BrowserControl</tag>
<tag>Setter</tag>
<doc>Create a new BrowserContext with specified options.</doc>
<status status="NOT RUN" start="2025-05-16T08:09:37.349556" elapsed="0.000131"/>
</kw>
<kw name="New Page" owner="Browser">
<arg>${EMPLOYEE_LOGIN_URL}</arg>
<tag>BrowserControl</tag>
<tag>Setter</tag>
<doc>Open a new Page.</doc>
<status status="NOT RUN" start="2025-05-16T08:09:37.349872" elapsed="0.000083"/>
</kw>
<kw name="Wait For Elements State" owner="Browser">
<arg>${LOGO_IMG}</arg>
<arg>visible</arg>
<arg>timeout=${TIMEOUT}</arg>
<tag>PageContent</tag>
<tag>Wait</tag>
<doc>Waits for the element found by ``selector`` to satisfy state option.</doc>
<status status="NOT RUN" start="2025-05-16T08:09:37.350138" elapsed="0.000080"/>
</kw>
<doc>Opens browser and navigates to employee login page</doc>
<status status="FAIL" start="2025-05-16T08:09:35.586678" elapsed="1.763719">Execution terminated by signal</status>
</kw>
<kw name="Close Browser" owner="Browser" type="TEARDOWN">
<errors>
<msg time="2025-05-16T08:09:41.142651" level="ERROR">Execution stopped by user.</msg>
</errors>
</robot>
